{
  "numTotalTests": 0,
  "numPassedTests": 0,
  "numFailedTests": 0,
  "numPendingTests": 0,
  "numTodoTests": 0,
  "startTime": "2025-11-11T00:00:00.000Z",
  "endTime": "2025-11-11T00:00:00.000Z",
  "success": true,
  "testResults": [],
  "environment": {
    "nodeVersion": "20.x",
    "platform": "linux",
    "coverage": false
  },
  "metadata": {
    "repo": "ILLUVRSE/Main",
    "generatedBy": "manual-fixture",
    "notes": "This is a placeholder Jest output JSON used by CI when no real report is available."
  }
}

