TN:
SF:src/auditStore.ts
FN:51,computeHash
FN:52,(anonymous_2)
FN:73,isTransientError
FN:83,sleep
FN:84,(anonymous_5)
FN:98,appendAuditEvent
FN:170,(anonymous_7)
FN:197,getAuditEventById
FN:218,getAuditMetrics
FNF:9
FNH:7
FNDA:8,computeHash
FNDA:20,(anonymous_2)
FNDA:4,isTransientError
FNDA:1,sleep
FNDA:1,(anonymous_5)
FNDA:9,appendAuditEvent
FNDA:0,(anonymous_7)
FNDA:1,getAuditEventById
FNDA:0,getAuditMetrics
DA:24,17
DA:25,17
DA:26,17
DA:27,17
DA:29,17
DA:35,17
DA:52,8
DA:53,20
DA:54,8
DA:55,8
DA:56,12
DA:57,8
DA:59,8
DA:65,8
DA:74,4
DA:75,4
DA:76,4
DA:77,2
DA:84,1
DA:98,17
DA:99,9
DA:100,9
DA:102,9
DA:103,10
DA:104,10
DA:105,10
DA:106,10
DA:107,10
DA:108,2
DA:109,2
DA:112,8
DA:115,8
DA:116,8
DA:118,8
DA:119,8
DA:121,8
DA:122,0
DA:123,0
DA:125,0
DA:128,8
DA:131,8
DA:134,8
DA:135,8
DA:136,2
DA:137,2
DA:139,2
DA:143,6
DA:145,6
DA:146,6
DA:150,6
DA:163,4
DA:166,4
DA:168,4
DA:170,2
DA:172,2
DA:173,1
DA:177,2
DA:178,1
DA:179,1
DA:180,1
DA:181,1
DA:185,1
DA:186,1
DA:188,10
DA:197,17
DA:198,1
DA:199,1
DA:200,1
DA:201,1
DA:211,1
DA:218,17
DA:219,0
LF:72
LH:68
BRDA:53,0,0,12
BRDA:53,1,0,20
BRDA:53,1,1,20
BRDA:54,2,0,0
BRDA:74,3,0,0
BRDA:75,4,0,4
BRDA:75,4,1,0
BRDA:76,5,0,2
BRDA:76,6,0,4
BRDA:76,6,1,2
BRDA:76,6,2,2
BRDA:76,6,3,2
BRDA:98,7,0,9
BRDA:107,8,0,2
BRDA:116,9,0,8
BRDA:116,9,1,8
BRDA:121,10,0,0
BRDA:121,10,1,8
BRDA:122,11,0,0
BRDA:122,11,1,0
BRDA:122,12,0,0
BRDA:122,12,1,0
BRDA:122,12,2,0
BRDA:123,13,0,0
BRDA:123,13,1,0
BRDA:125,14,0,0
BRDA:125,14,1,0
BRDA:135,15,0,2
BRDA:172,16,0,1
BRDA:172,17,0,2
BRDA:172,17,1,1
BRDA:177,18,0,1
BRDA:177,19,0,2
BRDA:177,19,1,1
BRDA:179,20,0,1
BRDA:179,20,1,0
BRDA:185,21,0,1
BRDA:185,21,1,0
BRDA:199,22,0,0
BRDA:204,23,0,1
BRDA:204,23,1,0
BRDA:205,24,0,1
BRDA:205,24,1,1
BRDA:206,25,0,1
BRDA:206,25,1,0
BRDA:207,26,0,1
BRDA:207,26,1,0
BRDA:208,27,0,1
BRDA:208,27,1,0
BRDA:209,28,0,1
BRDA:209,28,1,0
BRF:51
BRH:30
end_of_record
TN:
SF:src/rbac.ts
FN:243,(anonymous_0)
FN:50,loadRoleMapper
FN:64,parseRolesHeader
FN:68,(anonymous_3)
FN:76,normalizeRoles
FN:93,tryDecodeJwtPayload
FN:123,getPrincipalFromRequest
FN:245,hasAnyRole
FN:248,(anonymous_8)
FN:274,requireRoles
FN:275,(anonymous_10)
FN:320,requireAnyAuthenticated
FNF:12
FNH:12
FNDA:8,(anonymous_0)
FNDA:110,loadRoleMapper
FNDA:31,parseRolesHeader
FNDA:41,(anonymous_3)
FNDA:41,normalizeRoles
FNDA:9,tryDecodeJwtPayload
FNDA:69,getPrincipalFromRequest
FNDA:24,hasAnyRole
FNDA:35,(anonymous_8)
FNDA:152,requireRoles
FNDA:26,(anonymous_10)
FNDA:20,requireAnyAuthenticated
DA:17,29
DA:18,29
DA:40,29
DA:51,110
DA:53,110
DA:56,2
DA:65,31
DA:66,30
DA:68,41
DA:77,41
DA:78,41
DA:79,39
DA:80,39
DA:86,2
DA:94,9
DA:95,9
DA:96,9
DA:97,8
DA:98,10
DA:99,8
DA:100,8
DA:101,8
DA:103,1
DA:123,29
DA:124,69
DA:127,69
DA:128,67
DA:129,2
DA:130,2
DA:131,2
DA:133,2
DA:134,2
DA:142,65
DA:143,65
DA:144,65
DA:145,9
DA:146,9
DA:147,9
DA:149,7
DA:150,6
DA:151,6
DA:152,2
DA:154,2
DA:155,2
DA:162,5
DA:163,5
DA:164,5
DA:165,5
DA:166,1
DA:167,1
DA:168,1
DA:171,5
DA:172,5
DA:173,5
DA:175,5
DA:180,58
DA:181,58
DA:183,58
DA:184,19
DA:185,19
DA:186,19
DA:191,39
DA:192,3
DA:193,3
DA:195,3
DA:199,36
DA:200,36
DA:202,36
DA:204,8
DA:205,8
DA:206,1
DA:208,1
DA:209,1
DA:210,1
DA:214,1
DA:216,1
DA:217,1
DA:218,1
DA:224,7
DA:225,7
DA:226,7
DA:230,28
DA:231,28
DA:232,2
DA:233,2
DA:236,26
DA:243,37
DA:245,29
DA:246,24
DA:247,24
DA:248,35
DA:274,29
DA:275,152
DA:276,26
DA:277,26
DA:278,26
DA:279,22
DA:280,21
DA:283,25
DA:284,25
DA:285,9
DA:290,9
DA:293,16
DA:294,4
DA:300,4
DA:303,12
DA:305,1
DA:310,1
DA:320,29
DA:321,20
DA:322,20
DA:323,19
DA:324,19
DA:325,11
DA:326,11
DA:328,8
DA:330,1
DA:331,1
DA:335,29
LF:119
LH:119
BRDA:65,0,0,1
BRDA:78,1,0,39
BRDA:78,2,0,41
BRDA:78,2,1,40
BRDA:96,3,0,1
BRDA:128,4,0,2
BRDA:128,5,0,67
BRDA:128,5,1,2
BRDA:128,5,2,2
BRDA:133,6,0,2
BRDA:133,6,1,1
BRDA:142,7,0,65
BRDA:142,7,1,56
BRDA:142,7,2,56
BRDA:144,8,0,9
BRDA:147,9,0,7
BRDA:149,10,0,6
BRDA:149,11,0,7
BRDA:149,11,1,7
BRDA:152,12,0,2
BRDA:152,12,1,0
BRDA:154,13,0,2
BRDA:154,13,1,0
BRDA:154,14,0,0
BRDA:154,14,1,0
BRDA:154,14,2,0
BRDA:154,14,3,0
BRDA:162,15,0,5
BRDA:162,15,1,3
BRDA:162,15,2,2
BRDA:162,15,3,1
BRDA:164,16,0,2
BRDA:164,17,0,5
BRDA:164,17,1,2
BRDA:165,18,0,1
BRDA:165,19,0,5
BRDA:165,19,1,1
BRDA:166,20,0,1
BRDA:166,20,1,0
BRDA:168,21,0,1
BRDA:171,22,0,1
BRDA:172,23,0,1
BRDA:173,24,0,1
BRDA:180,25,0,58
BRDA:180,25,1,40
BRDA:181,26,0,58
BRDA:181,26,1,38
BRDA:183,27,0,19
BRDA:186,28,0,18
BRDA:186,28,1,1
BRDA:191,29,0,3
BRDA:191,30,0,39
BRDA:191,30,1,39
BRDA:195,31,0,3
BRDA:195,31,1,0
BRDA:199,32,0,36
BRDA:199,32,1,28
BRDA:200,33,0,36
BRDA:200,33,1,29
BRDA:202,34,0,8
BRDA:204,35,0,8
BRDA:204,35,1,7
BRDA:205,36,0,1
BRDA:205,37,0,8
BRDA:205,37,1,1
BRDA:205,37,2,1
BRDA:216,38,0,1
BRDA:216,38,1,0
BRDA:217,39,0,1
BRDA:217,39,1,0
BRDA:226,40,0,7
BRDA:226,40,1,0
BRDA:231,41,0,2
BRDA:246,42,0,20
BRDA:246,42,1,4
BRDA:247,43,0,1
BRDA:278,44,0,22
BRDA:284,45,0,9
BRDA:284,46,0,25
BRDA:284,46,1,25
BRDA:293,47,0,4
BRDA:322,48,0,20
BRDA:322,48,1,20
BRDA:324,49,0,11
BRDA:324,50,0,19
BRDA:324,50,1,19
BRF:86
BRH:75
end_of_record
TN:
SF:src/signingProxy.ts
FN:31,signManifest
FN:54,signData
FNF:2
FNH:2
FNDA:5,signManifest
FNDA:5,signData
DA:16,23
DA:17,23
DA:25,23
DA:26,23
DA:29,23
DA:31,23
DA:32,5
DA:34,5
DA:35,2
DA:36,1
DA:38,1
DA:41,3
DA:42,3
DA:44,2
DA:45,2
DA:46,2
DA:47,1
DA:49,1
DA:50,1
DA:54,23
DA:55,5
DA:57,5
DA:58,2
DA:59,1
DA:61,1
DA:64,3
DA:65,3
DA:66,2
DA:68,1
DA:70,2
DA:71,2
DA:72,2
DA:73,1
DA:75,1
DA:76,1
DA:83,23
DA:97,23
LF:37
LH:37
BRDA:26,0,0,6
BRDA:26,0,1,17
BRDA:34,1,0,2
BRDA:35,2,0,1
BRDA:44,3,0,2
BRDA:44,3,1,0
BRDA:46,4,0,1
BRDA:57,5,0,2
BRDA:58,6,0,1
BRDA:65,7,0,2
BRDA:70,8,0,2
BRDA:70,8,1,0
BRDA:72,9,0,1
BRF:13
BRH:11
end_of_record
TN:
SF:src/audit/auditPolicy.ts
FN:24,(anonymous_0)
FN:37,(anonymous_1)
FN:39,setSamplingRandom
FN:43,resolveSampleRate
FN:46,(anonymous_4)
FN:56,evaluateAuditPolicy
FN:84,cleanupExpiredAuditEvents
FNF:7
FNH:6
FNDA:17,(anonymous_0)
FNDA:0,(anonymous_1)
FNDA:6,setSamplingRandom
FNDA:2,resolveSampleRate
FNDA:1,(anonymous_4)
FNDA:3,evaluateAuditPolicy
FNDA:1,cleanupExpiredAuditEvents
DA:1,17
DA:9,17
DA:11,17
DA:21,17
DA:24,17
DA:37,17
DA:39,17
DA:40,6
DA:44,2
DA:45,2
DA:46,1
DA:48,2
DA:49,1
DA:50,1
DA:53,1
DA:56,17
DA:61,3
DA:62,3
DA:66,3
DA:67,1
DA:70,2
DA:71,2
DA:72,0
DA:75,2
DA:76,2
DA:77,1
DA:80,1
DA:81,1
DA:84,17
DA:85,1
DA:86,1
LF:31
LH:30
BRDA:9,0,0,17
BRDA:9,0,1,17
BRDA:13,1,0,17
BRDA:13,1,1,17
BRDA:17,2,0,17
BRDA:17,2,1,17
BRDA:22,3,0,17
BRDA:22,3,1,17
BRDA:44,4,0,0
BRDA:45,5,0,2
BRDA:45,5,1,0
BRDA:49,6,0,1
BRDA:61,7,0,3
BRDA:61,7,1,0
BRDA:62,8,0,3
BRDA:62,8,1,0
BRDA:66,9,0,1
BRDA:71,10,0,0
BRDA:76,11,0,1
BRDA:86,12,0,1
BRDA:86,12,1,0
BRF:21
BRH:15
end_of_record
TN:
SF:src/internal/multisig.ts
FN:22,parseApproverList
FN:26,(anonymous_1)
FN:27,(anonymous_2)
FN:31,parseRequired
FN:39,getUpgradeMultiSigConfig
FN:48,validateApprover
FN:61,evaluateQuorum
FNF:7
FNH:7
FNDA:5,parseApproverList
FNDA:25,(anonymous_1)
FNDA:25,(anonymous_2)
FNDA:5,parseRequired
FNDA:5,getUpgradeMultiSigConfig
FNDA:3,validateApprover
FNDA:2,evaluateQuorum
DA:19,17
DA:20,17
DA:23,5
DA:24,5
DA:26,25
DA:27,25
DA:28,5
DA:32,5
DA:33,5
DA:34,0
DA:36,5
DA:39,17
DA:40,5
DA:41,5
DA:42,5
DA:48,17
DA:52,3
DA:53,0
DA:55,3
DA:56,0
DA:58,3
DA:61,17
DA:65,2
DA:66,2
DA:67,2
DA:69,2
DA:70,5
DA:71,5
DA:72,0
DA:73,0
DA:75,5
DA:78,2
DA:79,2
DA:80,2
DA:82,2
LF:35
LH:30
BRDA:23,0,0,0
BRDA:28,1,0,5
BRDA:28,1,1,0
BRDA:33,2,0,0
BRDA:33,3,0,5
BRDA:33,3,1,5
BRDA:34,4,0,0
BRDA:34,4,1,0
BRDA:36,5,0,5
BRDA:36,5,1,0
BRDA:48,6,0,0
BRDA:52,7,0,0
BRDA:52,8,0,3
BRDA:52,8,1,3
BRDA:55,9,0,0
BRDA:63,10,0,0
BRDA:70,11,0,0
BRDA:71,12,0,0
BRDA:80,13,0,1
BRDA:80,13,1,1
BRF:20
BRH:8
end_of_record
