TN:
SF:RepoWriter/server/src/services/multisigUpgradeFlow.ts
FN:10,(anonymous_0)
FN:15,(anonymous_1)
FN:20,(anonymous_2)
FNF:3
FNH:3
FNDA:2,(anonymous_0)
FNDA:1,(anonymous_1)
FNDA:1,(anonymous_2)
DA:27,1
LF:1
LH:1
BRF:0
BRH:0
end_of_record
TN:
SF:agent-manager/server/audit_signer.js
FN:31,sha256Hex
FN:39,canonicalize
FN:46,(anonymous_2)
FN:53,getLastAuditEventRow
FN:72,createSignedAuditEvent
FNF:5
FNH:2
FNDA:0,sha256Hex
FNDA:138,canonicalize
FNDA:79,(anonymous_2)
FNDA:0,getLastAuditEventRow
FNDA:0,createSignedAuditEvent
DA:18,4
DA:19,4
DA:20,4
DA:23,4
DA:24,4
DA:25,4
DA:28,0
DA:32,0
DA:33,0
DA:35,0
DA:40,138
DA:41,137
DA:42,8
DA:44,129
DA:45,48
DA:46,79
DA:47,48
DA:50,81
DA:54,0
DA:60,0
DA:74,0
DA:75,0
DA:76,0
DA:78,0
DA:79,0
DA:80,0
DA:81,0
DA:82,0
DA:86,0
DA:87,0
DA:88,0
DA:89,0
DA:90,0
DA:93,0
DA:94,0
DA:95,0
DA:97,0
DA:98,0
DA:99,0
DA:100,0
DA:101,0
DA:105,0
DA:106,0
DA:107,0
DA:108,0
DA:109,0
DA:113,0
DA:115,0
DA:116,0
DA:117,0
DA:118,0
DA:122,0
DA:123,0
DA:124,0
DA:125,0
DA:126,0
DA:127,0
DA:128,0
DA:131,0
DA:132,0
DA:133,0
DA:134,0
DA:138,0
DA:139,0
DA:140,0
DA:146,0
DA:147,0
DA:149,0
DA:150,0
DA:151,0
DA:152,0
DA:153,0
DA:157,0
DA:162,0
DA:163,0
DA:172,4
LF:76
LH:15
BRDA:32,0,0,0
BRDA:32,0,1,0
BRDA:40,1,0,1
BRDA:40,1,1,137
BRDA:41,2,0,8
BRDA:41,2,1,129
BRDA:44,3,0,48
BRDA:44,3,1,81
BRDA:60,4,0,0
BRDA:60,4,1,0
BRDA:72,5,0,0
BRDA:72,6,0,0
BRDA:76,7,0,0
BRDA:76,7,1,0
BRDA:78,8,0,0
BRDA:78,8,1,0
BRDA:88,9,0,0
BRDA:88,9,1,0
BRDA:94,10,0,0
BRDA:94,10,1,0
BRDA:97,11,0,0
BRDA:97,11,1,0
BRDA:97,12,0,0
BRDA:97,12,1,0
BRDA:99,13,0,0
BRDA:99,13,1,0
BRDA:99,14,0,0
BRDA:99,14,1,0
BRDA:101,15,0,0
BRDA:101,15,1,0
BRDA:105,16,0,0
BRDA:105,16,1,0
BRDA:105,17,0,0
BRDA:105,17,1,0
BRDA:107,18,0,0
BRDA:107,18,1,0
BRDA:107,19,0,0
BRDA:107,19,1,0
BRDA:109,20,0,0
BRDA:109,20,1,0
BRDA:113,21,0,0
BRDA:113,21,1,0
BRDA:113,22,0,0
BRDA:113,22,1,0
BRDA:116,23,0,0
BRDA:116,23,1,0
BRDA:116,24,0,0
BRDA:116,24,1,0
BRDA:118,25,0,0
BRDA:118,25,1,0
BRDA:122,26,0,0
BRDA:122,26,1,0
BRDA:123,27,0,0
BRDA:123,27,1,0
BRDA:124,28,0,0
BRDA:124,28,1,0
BRDA:125,29,0,0
BRDA:125,29,1,0
BRDA:126,30,0,0
BRDA:126,30,1,0
BRDA:128,31,0,0
BRDA:128,31,1,0
BRDA:128,32,0,0
BRDA:128,32,1,0
BRDA:139,33,0,0
BRDA:139,33,1,0
BRDA:149,34,0,0
BRDA:149,34,1,0
BRDA:149,35,0,0
BRDA:149,35,1,0
BRDA:151,36,0,0
BRDA:151,36,1,0
BRDA:151,37,0,0
BRDA:151,37,1,0
BRDA:153,38,0,0
BRDA:153,38,1,0
BRF:76
BRH:6
end_of_record
TN:
SF:agent-manager/server/db.js
FN:28,ensurePool
FN:38,close
FN:45,query
FN:52,createAgent
FN:79,getAgent
FN:85,updateAgentStatus
FN:97,createTemplate
FN:107,listTemplates
FN:124,createAuditEvent
FN:162,createSandboxRun
FN:172,getSandboxRun
FN:190,insertKernelNonce
FN:207,getKernelNonce
FN:222,consumeKernelNonce
FN:250,isKernelNonceReplay
FNF:15
FNH:0
FNDA:0,ensurePool
FNDA:0,close
FNDA:0,query
FNDA:0,createAgent
FNDA:0,getAgent
FNDA:0,updateAgentStatus
FNDA:0,createTemplate
FNDA:0,listTemplates
FNDA:0,createAuditEvent
FNDA:0,createSandboxRun
FNDA:0,getSandboxRun
FNDA:0,insertKernelNonce
FNDA:0,getKernelNonce
FNDA:0,consumeKernelNonce
FNDA:0,isKernelNonceReplay
DA:24,4
DA:26,4
DA:29,0
DA:30,0
DA:31,0
DA:32,0
DA:34,0
DA:35,0
DA:39,0
DA:40,0
DA:41,0
DA:46,0
DA:47,0
DA:48,0
DA:57,0
DA:59,0
DA:60,0
DA:66,0
DA:67,0
DA:69,0
DA:74,0
DA:75,0
DA:80,0
DA:81,0
DA:82,0
DA:86,0
DA:92,0
DA:93,0
DA:98,0
DA:103,0
DA:104,0
DA:108,0
DA:109,0
DA:110,0
DA:125,0
DA:128,0
DA:129,0
DA:130,0
DA:131,0
DA:132,0
DA:133,0
DA:134,0
DA:137,0
DA:141,0
DA:142,0
DA:143,0
DA:144,0
DA:145,0
DA:146,0
DA:147,0
DA:149,0
DA:152,0
DA:157,0
DA:158,0
DA:163,0
DA:168,0
DA:169,0
DA:173,0
DA:174,0
DA:175,0
DA:191,0
DA:197,0
DA:198,0
DA:208,0
DA:209,0
DA:210,0
DA:223,0
DA:229,0
DA:230,0
DA:251,0
DA:252,0
DA:255,0
DA:258,0
DA:259,0
DA:260,0
DA:261,0
DA:263,0
DA:267,0
DA:270,4
LF:79
LH:3
BRDA:29,0,0,0
BRDA:29,0,1,0
BRDA:31,1,0,0
BRDA:31,1,1,0
BRDA:39,2,0,0
BRDA:39,2,1,0
BRDA:45,3,0,0
BRDA:52,4,0,0
BRDA:55,5,0,0
BRDA:55,6,0,0
BRDA:56,7,0,0
BRDA:56,8,0,0
BRDA:56,9,0,0
BRDA:56,10,0,0
BRDA:59,11,0,0
BRDA:59,11,1,0
BRDA:67,12,0,0
BRDA:67,12,1,0
BRDA:82,13,0,0
BRDA:82,13,1,0
BRDA:85,14,0,0
BRDA:93,15,0,0
BRDA:93,15,1,0
BRDA:97,16,0,0
BRDA:97,17,0,0
BRDA:107,18,0,0
BRDA:124,19,0,0
BRDA:124,20,0,0
BRDA:124,21,0,0
BRDA:124,22,0,0
BRDA:124,23,0,0
BRDA:125,24,0,0
BRDA:125,24,1,0
BRDA:129,25,0,0
BRDA:129,25,1,0
BRDA:131,26,0,0
BRDA:131,26,1,0
BRDA:131,27,0,0
BRDA:131,27,1,0
BRDA:133,28,0,0
BRDA:133,28,1,0
BRDA:142,29,0,0
BRDA:142,29,1,0
BRDA:144,30,0,0
BRDA:144,30,1,0
BRDA:144,31,0,0
BRDA:144,31,1,0
BRDA:146,32,0,0
BRDA:146,32,1,0
BRDA:162,33,0,0
BRDA:162,34,0,0
BRDA:162,35,0,0
BRDA:162,36,0,0
BRDA:162,37,0,0
BRDA:162,38,0,0
BRDA:175,39,0,0
BRDA:175,39,1,0
BRDA:190,40,0,0
BRDA:198,41,0,0
BRDA:198,41,1,0
BRDA:210,42,0,0
BRDA:210,42,1,0
BRDA:222,43,0,0
BRDA:230,44,0,0
BRDA:230,44,1,0
BRDA:252,45,0,0
BRDA:252,45,1,0
BRDA:255,46,0,0
BRDA:255,46,1,0
BRDA:258,47,0,0
BRDA:258,47,1,0
BRDA:261,48,0,0
BRDA:261,48,1,0
BRF:73
BRH:0
end_of_record
TN:
SF:agent-manager/server/key_store.js
FN:34,tryReadFileUtf8
FN:35,(anonymous_1)
FN:36,(anonymous_2)
FN:45,getAuditSigningKeyFromEnv
FN:53,getAuditSigningKeyFromFile
FN:66,getAuditSigningKeyFromUrl
FN:82,getAuditSigningKeyFromKms
FN:94,getAuditSigningKey
FN:133,getKernelPublicKeysFromJsonEnv
FN:143,getKernelPublicKeysFromFile
FN:153,getKernelPublicKeysFromUrl
FN:167,getKernelPublicKeys
FN:194,normalizeHashInput
FN:213,signAuditHash
FN:272,signAuditCanonical
FNF:15
FNH:3
FNDA:0,tryReadFileUtf8
FNDA:0,(anonymous_1)
FNDA:0,(anonymous_2)
FNDA:2,getAuditSigningKeyFromEnv
FNDA:0,getAuditSigningKeyFromFile
FNDA:0,getAuditSigningKeyFromUrl
FNDA:2,getAuditSigningKeyFromKms
FNDA:4,getAuditSigningKey
FNDA:0,getKernelPublicKeysFromJsonEnv
FNDA:0,getKernelPublicKeysFromFile
FNDA:0,getKernelPublicKeysFromUrl
FNDA:0,getKernelPublicKeys
FNDA:0,normalizeHashInput
FNDA:0,signAuditHash
FNDA:0,signAuditCanonical
DA:22,7
DA:23,7
DA:24,7
DA:26,7
DA:27,7
DA:28,7
DA:31,0
DA:35,0
DA:36,0
DA:37,0
DA:38,0
DA:46,2
DA:47,2
DA:48,2
DA:49,2
DA:50,2
DA:54,0
DA:55,0
DA:56,0
DA:57,0
DA:58,0
DA:59,0
DA:62,0
DA:67,0
DA:68,0
DA:69,0
DA:70,0
DA:71,0
DA:72,0
DA:73,0
DA:74,0
DA:75,0
DA:76,0
DA:78,0
DA:84,2
DA:85,2
DA:86,2
DA:87,2
DA:95,4
DA:96,4
DA:97,2
DA:98,2
DA:99,0
DA:100,0
DA:101,0
DA:102,0
DA:103,0
DA:105,2
DA:106,0
DA:107,0
DA:108,0
DA:110,2
DA:111,0
DA:112,0
DA:113,0
DA:114,0
DA:115,0
DA:117,2
DA:118,2
DA:119,2
DA:121,0
DA:122,0
DA:123,0
DA:124,0
DA:125,0
DA:128,0
DA:134,0
DA:135,0
DA:136,0
DA:137,0
DA:139,0
DA:144,0
DA:145,0
DA:146,0
DA:147,0
DA:149,0
DA:154,0
DA:155,0
DA:156,0
DA:157,0
DA:158,0
DA:159,0
DA:160,0
DA:161,0
DA:163,0
DA:169,0
DA:170,0
DA:173,0
DA:174,0
DA:177,0
DA:178,0
DA:181,0
DA:182,0
DA:185,0
DA:195,0
DA:196,0
DA:197,0
DA:198,0
DA:199,0
DA:201,0
DA:202,0
DA:205,0
DA:214,0
DA:217,0
DA:218,0
DA:219,0
DA:220,0
DA:221,0
DA:224,0
DA:225,0
DA:231,0
DA:234,0
DA:238,0
DA:239,0
DA:240,0
DA:241,0
DA:242,0
DA:244,0
DA:246,0
DA:247,0
DA:249,0
DA:251,0
DA:252,0
DA:253,0
DA:256,0
DA:261,0
DA:263,0
DA:268,0
DA:273,0
DA:276,0
DA:277,0
DA:281,0
DA:282,0
DA:284,0
DA:286,0
DA:287,0
DA:288,0
DA:290,0
DA:292,0
DA:295,0
DA:296,0
DA:297,0
DA:299,0
DA:300,0
DA:301,0
DA:303,0
DA:304,0
DA:305,0
DA:307,0
DA:310,7
LF:150
LH:25
BRDA:37,0,0,0
BRDA:37,0,1,0
BRDA:46,1,0,2
BRDA:46,1,1,0
BRDA:47,2,0,0
BRDA:47,2,1,2
BRDA:48,3,0,2
BRDA:48,3,1,0
BRDA:49,4,0,2
BRDA:49,4,1,0
BRDA:54,5,0,0
BRDA:54,5,1,0
BRDA:57,6,0,0
BRDA:57,6,1,0
BRDA:58,7,0,0
BRDA:58,7,1,0
BRDA:68,8,0,0
BRDA:68,8,1,0
BRDA:70,9,0,0
BRDA:70,9,1,0
BRDA:72,10,0,0
BRDA:72,10,1,0
BRDA:74,11,0,0
BRDA:74,11,1,0
BRDA:74,11,2,0
BRDA:75,12,0,0
BRDA:75,12,1,0
BRDA:75,12,2,0
BRDA:84,13,0,2
BRDA:84,13,1,0
BRDA:85,14,0,0
BRDA:85,14,1,2
BRDA:86,15,0,2
BRDA:86,15,1,0
BRDA:95,16,0,4
BRDA:95,16,1,0
BRDA:96,17,0,2
BRDA:96,17,1,2
BRDA:98,18,0,2
BRDA:98,18,1,0
BRDA:100,19,0,0
BRDA:100,19,1,0
BRDA:102,20,0,0
BRDA:102,20,1,0
BRDA:105,21,0,0
BRDA:105,21,1,2
BRDA:107,22,0,0
BRDA:107,22,1,0
BRDA:110,23,0,0
BRDA:110,23,1,2
BRDA:112,24,0,0
BRDA:112,24,1,0
BRDA:114,25,0,0
BRDA:114,25,1,0
BRDA:117,26,0,2
BRDA:117,26,1,0
BRDA:117,27,0,2
BRDA:117,27,1,0
BRDA:119,28,0,2
BRDA:119,28,1,0
BRDA:122,29,0,0
BRDA:122,29,1,0
BRDA:124,30,0,0
BRDA:124,30,1,0
BRDA:134,31,0,0
BRDA:134,31,1,0
BRDA:144,32,0,0
BRDA:144,32,1,0
BRDA:155,33,0,0
BRDA:155,33,1,0
BRDA:157,34,0,0
BRDA:157,34,1,0
BRDA:159,35,0,0
BRDA:159,35,1,0
BRDA:170,36,0,0
BRDA:170,36,1,0
BRDA:174,37,0,0
BRDA:174,37,1,0
BRDA:178,38,0,0
BRDA:178,38,1,0
BRDA:181,39,0,0
BRDA:181,39,1,0
BRDA:195,40,0,0
BRDA:195,40,1,0
BRDA:196,41,0,0
BRDA:196,41,1,0
BRDA:197,42,0,0
BRDA:197,42,1,0
BRDA:198,43,0,0
BRDA:198,43,1,0
BRDA:198,44,0,0
BRDA:198,44,1,0
BRDA:201,45,0,0
BRDA:201,45,1,0
BRDA:217,46,0,0
BRDA:217,46,1,0
BRDA:219,47,0,0
BRDA:219,47,1,0
BRDA:219,48,0,0
BRDA:219,48,1,0
BRDA:219,49,0,0
BRDA:219,49,1,0
BRDA:220,50,0,0
BRDA:220,50,1,0
BRDA:220,51,0,0
BRDA:220,51,1,0
BRDA:220,52,0,0
BRDA:220,52,1,0
BRDA:221,53,0,0
BRDA:221,53,1,0
BRDA:224,54,0,0
BRDA:224,54,1,0
BRDA:224,55,0,0
BRDA:224,55,1,0
BRDA:224,55,2,0
BRDA:224,55,3,0
BRDA:231,56,0,0
BRDA:231,56,1,0
BRDA:231,57,0,0
BRDA:231,57,1,0
BRDA:231,57,2,0
BRDA:231,57,3,0
BRDA:238,58,0,0
BRDA:238,58,1,0
BRDA:238,59,0,0
BRDA:238,59,1,0
BRDA:240,60,0,0
BRDA:240,60,1,0
BRDA:244,61,0,0
BRDA:244,61,1,0
BRDA:249,62,0,0
BRDA:249,62,1,0
BRDA:249,63,0,0
BRDA:249,63,1,0
BRDA:273,64,0,0
BRDA:273,64,1,0
BRDA:276,65,0,0
BRDA:276,65,1,0
BRDA:276,66,0,0
BRDA:276,66,1,0
BRDA:276,66,2,0
BRDA:276,66,3,0
BRDA:282,67,0,0
BRDA:282,67,1,0
BRDA:286,68,0,0
BRDA:286,68,1,0
BRDA:287,69,0,0
BRDA:287,69,1,0
BRDA:287,69,2,0
BRDA:290,70,0,0
BRDA:290,70,1,0
BRDA:295,71,0,0
BRDA:295,71,1,0
BRDA:299,72,0,0
BRDA:299,72,1,0
BRDA:299,73,0,0
BRDA:299,73,1,0
BRDA:303,74,0,0
BRDA:303,74,1,0
BRF:159
BRH:16
end_of_record
TN:
SF:agent-manager/server/key_store_kms_adapter.js
FN:23,signAuditCanonicalWithKms
FN:82,signAuditHashWithKms
FNF:2
FNH:1
FNDA:1,signAuditCanonicalWithKms
FNDA:0,signAuditHashWithKms
DA:18,8
DA:20,8
DA:21,8
DA:24,1
DA:25,1
DA:26,0
DA:29,1
DA:31,1
DA:33,0
DA:38,0
DA:39,0
DA:40,0
DA:43,1
DA:45,1
DA:51,1
DA:52,1
DA:53,1
DA:56,0
DA:58,0
DA:63,0
DA:64,0
DA:65,0
DA:68,0
DA:83,0
DA:84,0
DA:85,0
DA:88,0
DA:89,0
DA:92,0
DA:94,0
DA:95,0
DA:100,0
DA:101,0
DA:102,0
DA:105,0
DA:107,0
DA:113,0
DA:114,0
DA:115,0
DA:116,0
DA:119,0
DA:121,0
DA:127,0
DA:128,0
DA:129,0
DA:130,0
DA:133,0
DA:136,8
LF:48
LH:13
BRDA:20,0,0,8
BRDA:20,0,1,5
BRDA:20,0,2,5
BRDA:25,1,0,0
BRDA:25,1,1,1
BRDA:29,2,0,1
BRDA:29,2,1,0
BRDA:31,3,0,0
BRDA:31,3,1,1
BRDA:39,4,0,0
BRDA:39,4,1,0
BRDA:39,5,0,0
BRDA:39,5,1,0
BRDA:43,6,0,1
BRDA:43,6,1,0
BRDA:43,7,0,1
BRDA:43,7,1,0
BRDA:52,8,0,0
BRDA:52,8,1,1
BRDA:52,9,0,1
BRDA:52,9,1,1
BRDA:56,10,0,0
BRDA:56,10,1,0
BRDA:56,11,0,0
BRDA:56,11,1,0
BRDA:64,12,0,0
BRDA:64,12,1,0
BRDA:64,13,0,0
BRDA:64,13,1,0
BRDA:84,14,0,0
BRDA:84,14,1,0
BRDA:88,15,0,0
BRDA:88,15,1,0
BRDA:92,16,0,0
BRDA:92,16,1,0
BRDA:94,17,0,0
BRDA:94,17,1,0
BRDA:101,18,0,0
BRDA:101,18,1,0
BRDA:101,19,0,0
BRDA:101,19,1,0
BRDA:105,20,0,0
BRDA:105,20,1,0
BRDA:105,21,0,0
BRDA:105,21,1,0
BRDA:115,22,0,0
BRDA:115,22,1,0
BRDA:115,23,0,0
BRDA:115,23,1,0
BRDA:119,24,0,0
BRDA:119,24,1,0
BRDA:129,25,0,0
BRDA:129,25,1,0
BRDA:129,26,0,0
BRDA:129,26,1,0
BRF:55
BRH:11
end_of_record
TN:
SF:agent-manager/server/signAuditHash.js
FN:27,normalizeHashInput
FN:43,signWithLocalHmac
FN:48,signWithLocalEd25519
FN:55,signWithLocalRsaDigest
FN:77,signAuditHash
FNF:5
FNH:3
FNDA:4,normalizeHashInput
FNDA:0,signWithLocalHmac
FNDA:0,signWithLocalEd25519
FNDA:2,signWithLocalRsaDigest
FNDA:4,signAuditHash
DA:16,7
DA:17,7
DA:19,7
DA:24,7
DA:25,7
DA:28,4
DA:29,4
DA:30,0
DA:32,0
DA:33,0
DA:36,0
DA:37,0
DA:40,0
DA:44,0
DA:45,0
DA:51,0
DA:52,0
DA:60,2
DA:64,2
DA:69,2
DA:78,4
DA:81,4
DA:83,4
DA:84,4
DA:85,4
DA:88,4
DA:89,2
DA:90,2
DA:91,0
DA:92,0
DA:94,2
DA:95,0
DA:96,0
DA:98,2
DA:99,2
DA:100,2
DA:102,0
DA:106,2
DA:107,2
DA:110,2
DA:111,2
DA:112,2
DA:113,2
DA:114,2
DA:117,0
DA:120,2
DA:121,2
DA:123,2
DA:124,0
DA:127,2
DA:129,1
DA:134,1
DA:135,1
DA:136,1
DA:139,1
DA:141,1
DA:148,1
DA:149,1
DA:150,1
DA:151,1
DA:154,0
DA:156,0
DA:161,0
DA:162,0
DA:163,0
DA:164,0
DA:167,0
DA:171,0
DA:174,7
LF:69
LH:44
BRDA:28,0,0,0
BRDA:28,0,1,4
BRDA:29,1,0,4
BRDA:29,1,1,0
BRDA:30,2,0,0
BRDA:30,2,1,0
BRDA:32,3,0,0
BRDA:32,3,1,0
BRDA:36,4,0,0
BRDA:36,4,1,0
BRDA:83,5,0,4
BRDA:83,5,1,0
BRDA:84,6,0,4
BRDA:84,6,1,0
BRDA:84,7,0,4
BRDA:84,7,1,4
BRDA:84,8,0,0
BRDA:84,8,1,0
BRDA:85,9,0,4
BRDA:85,9,1,0
BRDA:85,10,0,4
BRDA:85,10,1,4
BRDA:85,11,0,0
BRDA:85,11,1,0
BRDA:88,12,0,2
BRDA:88,12,1,2
BRDA:88,13,0,4
BRDA:88,13,1,4
BRDA:90,14,0,0
BRDA:90,14,1,2
BRDA:94,15,0,0
BRDA:94,15,1,2
BRDA:98,16,0,2
BRDA:98,16,1,0
BRDA:98,17,0,2
BRDA:98,17,1,0
BRDA:106,18,0,2
BRDA:106,18,1,0
BRDA:106,18,2,0
BRDA:107,19,0,2
BRDA:107,19,1,0
BRDA:107,20,0,2
BRDA:107,20,1,0
BRDA:107,20,2,0
BRDA:120,21,0,2
BRDA:120,21,1,0
BRDA:120,21,2,0
BRDA:123,22,0,0
BRDA:123,22,1,2
BRDA:127,23,0,1
BRDA:127,23,1,1
BRDA:135,24,0,0
BRDA:135,24,1,1
BRDA:135,25,0,1
BRDA:135,25,1,1
BRDA:139,26,0,1
BRDA:139,26,1,0
BRDA:139,27,0,1
BRDA:139,27,1,0
BRDA:150,28,0,0
BRDA:150,28,1,1
BRDA:150,29,0,1
BRDA:150,29,1,1
BRDA:154,30,0,0
BRDA:154,30,1,0
BRDA:163,31,0,0
BRDA:163,31,1,0
BRDA:163,32,0,0
BRDA:163,32,1,0
BRDA:171,33,0,0
BRDA:171,33,1,0
BRF:71
BRH:32
end_of_record
TN:
SF:kernel/src/auditStore.ts
FN:51,computeHash
FN:52,(anonymous_2)
FN:73,isTransientError
FN:83,sleep
FN:84,(anonymous_5)
FN:98,appendAuditEvent
FN:170,(anonymous_7)
FN:197,getAuditEventById
FN:218,getAuditMetrics
FNF:9
FNH:7
FNDA:14,computeHash
FNDA:75,(anonymous_2)
FNDA:4,isTransientError
FNDA:1,sleep
FNDA:1,(anonymous_5)
FNDA:15,appendAuditEvent
FNDA:0,(anonymous_7)
FNDA:1,getAuditEventById
FNDA:0,getAuditMetrics
DA:24,13
DA:25,13
DA:26,13
DA:27,13
DA:29,13
DA:35,13
DA:52,14
DA:53,75
DA:54,28
DA:55,24
DA:56,61
DA:57,24
DA:59,14
DA:65,14
DA:74,4
DA:75,4
DA:76,4
DA:77,2
DA:84,1
DA:98,13
DA:99,15
DA:100,15
DA:102,15
DA:103,16
DA:104,16
DA:105,16
DA:106,16
DA:107,16
DA:108,2
DA:109,2
DA:112,14
DA:115,14
DA:116,14
DA:118,14
DA:119,14
DA:121,14
DA:122,0
DA:123,0
DA:125,0
DA:128,14
DA:131,14
DA:134,14
DA:135,14
DA:136,2
DA:137,2
DA:139,2
DA:143,12
DA:145,12
DA:146,12
DA:150,12
DA:163,10
DA:166,10
DA:168,10
DA:170,2
DA:172,2
DA:173,1
DA:177,2
DA:178,1
DA:179,1
DA:180,1
DA:181,1
DA:185,1
DA:186,1
DA:188,16
DA:197,13
DA:198,1
DA:199,1
DA:200,1
DA:201,1
DA:211,1
DA:218,13
DA:219,0
LF:72
LH:68
BRDA:53,0,0,47
BRDA:53,0,1,28
BRDA:53,1,0,75
BRDA:53,1,1,71
BRDA:54,2,0,4
BRDA:54,2,1,24
BRDA:74,3,0,0
BRDA:74,3,1,4
BRDA:75,4,0,4
BRDA:75,4,1,0
BRDA:76,5,0,2
BRDA:76,5,1,2
BRDA:76,6,0,4
BRDA:76,6,1,2
BRDA:76,6,2,2
BRDA:76,6,3,2
BRDA:98,7,0,15
BRDA:106,8,0,0
BRDA:106,8,1,16
BRDA:106,9,0,16
BRDA:106,9,1,16
BRDA:107,10,0,2
BRDA:107,10,1,14
BRDA:116,11,0,6
BRDA:116,11,1,8
BRDA:116,12,0,14
BRDA:116,12,1,14
BRDA:116,13,0,8
BRDA:116,13,1,6
BRDA:116,14,0,14
BRDA:116,14,1,14
BRDA:121,15,0,0
BRDA:121,15,1,14
BRDA:122,16,0,0
BRDA:122,16,1,0
BRDA:122,17,0,0
BRDA:122,17,1,0
BRDA:122,17,2,0
BRDA:123,18,0,0
BRDA:123,18,1,0
BRDA:123,19,0,0
BRDA:123,19,1,0
BRDA:125,20,0,0
BRDA:125,20,1,0
BRDA:125,21,0,0
BRDA:125,21,1,0
BRDA:135,22,0,2
BRDA:135,22,1,12
BRDA:172,23,0,1
BRDA:172,23,1,1
BRDA:172,24,0,2
BRDA:172,24,1,1
BRDA:177,25,0,1
BRDA:177,25,1,1
BRDA:177,26,0,2
BRDA:177,26,1,1
BRDA:179,27,0,1
BRDA:179,27,1,0
BRDA:185,28,0,1
BRDA:185,28,1,0
BRDA:199,29,0,0
BRDA:199,29,1,1
BRDA:204,30,0,1
BRDA:204,30,1,0
BRDA:204,31,0,1
BRDA:204,31,1,1
BRDA:205,32,0,0
BRDA:205,32,1,1
BRDA:205,33,0,1
BRDA:205,33,1,0
BRDA:206,34,0,1
BRDA:206,34,1,0
BRDA:206,35,0,1
BRDA:206,35,1,1
BRDA:207,36,0,1
BRDA:207,36,1,0
BRDA:207,37,0,1
BRDA:207,37,1,1
BRDA:208,38,0,1
BRDA:208,38,1,0
BRDA:208,39,0,1
BRDA:208,39,1,1
BRDA:209,40,0,1
BRDA:209,40,1,0
BRF:84
BRH:57
end_of_record
TN:
SF:kernel/src/logger.ts
FN:22,nowIso
FN:26,resolveTraceId
FN:39,emitConsole
FN:45,log
FN:67,(anonymous_4)
FN:70,(anonymous_5)
FN:73,(anonymous_6)
FN:76,(anonymous_7)
FNF:8
FNH:7
FNDA:36,nowIso
FNDA:36,resolveTraceId
FNDA:36,emitConsole
FNDA:36,log
FNDA:1,(anonymous_4)
FNDA:29,(anonymous_5)
FNDA:0,(anonymous_6)
FNDA:6,(anonymous_7)
DA:23,36
DA:27,36
DA:29,36
DA:30,36
DA:31,36
DA:36,0
DA:40,36
DA:42,36
DA:46,36
DA:47,36
DA:48,36
DA:56,36
DA:57,6
DA:58,6
DA:59,6
DA:60,6
DA:63,30
DA:66,26
DA:68,1
DA:71,29
DA:74,0
DA:77,6
DA:81,26
LF:23
LH:21
BRDA:30,0,0,36
BRDA:30,0,1,0
BRDA:31,1,0,36
BRDA:31,1,1,36
BRDA:31,1,2,36
BRDA:31,2,0,0
BRDA:31,2,1,36
BRDA:31,3,0,36
BRDA:31,3,1,36
BRDA:36,4,0,0
BRDA:36,4,1,0
BRDA:36,5,0,0
BRDA:36,5,1,0
BRDA:36,6,0,0
BRDA:36,6,1,0
BRDA:40,7,0,0
BRDA:40,7,1,36
BRDA:40,8,0,29
BRDA:40,8,1,7
BRDA:46,9,0,36
BRDA:46,9,1,0
BRDA:52,10,0,6
BRDA:52,10,1,30
BRDA:52,11,0,6
BRDA:52,11,1,6
BRDA:56,12,0,6
BRDA:56,12,1,30
BRF:27
BRH:17
end_of_record
TN:
SF:kernel/src/models.ts
FN:22,toIso
FN:29,dbRowToDivisionManifest
FN:49,dbRowToAgentProfile
FN:69,dbRowToEvalReport
FN:83,dbRowToMemoryNode
FN:96,memoryNodeToDbRow
FN:107,dbRowToManifestSignature
FN:121,dbRowToAuditEvent
FN:136,dbRowToResourceAllocation
FN:156,divisionManifestToDbRow
FNF:10
FNH:0
FNDA:0,toIso
FNDA:0,dbRowToDivisionManifest
FNDA:0,dbRowToAgentProfile
FNDA:0,dbRowToEvalReport
FNDA:0,dbRowToMemoryNode
FNDA:0,memoryNodeToDbRow
FNDA:0,dbRowToManifestSignature
FNDA:0,dbRowToAuditEvent
FNDA:0,dbRowToResourceAllocation
FNDA:0,divisionManifestToDbRow
DA:23,0
DA:24,0
DA:25,0
DA:29,12
DA:30,0
DA:31,0
DA:49,12
DA:50,0
DA:51,0
DA:69,12
DA:70,0
DA:71,0
DA:83,12
DA:84,0
DA:85,0
DA:96,12
DA:97,0
DA:107,12
DA:108,0
DA:109,0
DA:121,12
DA:122,0
DA:123,0
DA:136,12
DA:137,0
DA:138,0
DA:156,12
DA:157,0
LF:28
LH:9
BRDA:23,0,0,0
BRDA:23,0,1,0
BRDA:24,1,0,0
BRDA:24,1,1,0
BRDA:25,2,0,0
BRDA:25,2,1,0
BRDA:30,3,0,0
BRDA:30,3,1,0
BRDA:33,4,0,0
BRDA:33,4,1,0
BRDA:33,5,0,0
BRDA:33,5,1,0
BRDA:34,6,0,0
BRDA:34,6,1,0
BRDA:34,7,0,0
BRDA:34,7,1,0
BRDA:35,8,0,0
BRDA:35,8,1,0
BRDA:36,9,0,0
BRDA:36,9,1,0
BRDA:36,10,0,0
BRDA:36,10,1,0
BRDA:37,11,0,0
BRDA:37,11,1,0
BRDA:37,12,0,0
BRDA:37,12,1,0
BRDA:38,13,0,0
BRDA:38,13,1,0
BRDA:38,14,0,0
BRDA:38,14,1,0
BRDA:39,15,0,0
BRDA:39,15,1,0
BRDA:39,16,0,0
BRDA:39,16,1,0
BRDA:40,17,0,0
BRDA:40,17,1,0
BRDA:40,18,0,0
BRDA:40,18,1,0
BRDA:41,19,0,0
BRDA:41,19,1,0
BRDA:41,20,0,0
BRDA:41,20,1,0
BRDA:44,21,0,0
BRDA:44,21,1,0
BRDA:44,22,0,0
BRDA:44,22,1,0
BRDA:50,23,0,0
BRDA:50,23,1,0
BRDA:53,24,0,0
BRDA:53,24,1,0
BRDA:53,25,0,0
BRDA:53,25,1,0
BRDA:54,26,0,0
BRDA:54,26,1,0
BRDA:54,27,0,0
BRDA:54,27,1,0
BRDA:55,28,0,0
BRDA:55,28,1,0
BRDA:55,29,0,0
BRDA:55,29,1,0
BRDA:56,30,0,0
BRDA:56,30,1,0
BRDA:56,31,0,0
BRDA:56,31,1,0
BRDA:57,32,0,0
BRDA:57,32,1,0
BRDA:57,33,0,0
BRDA:57,33,1,0
BRDA:58,34,0,0
BRDA:58,34,1,0
BRDA:58,35,0,0
BRDA:58,35,1,0
BRDA:59,36,0,0
BRDA:59,36,1,0
BRDA:60,37,0,0
BRDA:60,37,1,0
BRDA:60,38,0,0
BRDA:60,38,1,0
BRDA:62,39,0,0
BRDA:62,39,1,0
BRDA:62,40,0,0
BRDA:62,40,1,0
BRDA:70,41,0,0
BRDA:70,41,1,0
BRDA:74,42,0,0
BRDA:74,42,1,0
BRDA:74,43,0,0
BRDA:74,43,1,0
BRDA:76,44,0,0
BRDA:76,44,1,0
BRDA:76,45,0,0
BRDA:76,45,1,0
BRDA:77,46,0,0
BRDA:77,46,1,0
BRDA:78,47,0,0
BRDA:78,47,1,0
BRDA:78,48,0,0
BRDA:78,48,1,0
BRDA:84,49,0,0
BRDA:84,49,1,0
BRDA:87,50,0,0
BRDA:87,50,1,0
BRDA:87,51,0,0
BRDA:87,51,1,0
BRDA:88,52,0,0
BRDA:88,52,1,0
BRDA:88,53,0,0
BRDA:88,53,1,0
BRDA:89,54,0,0
BRDA:89,54,1,0
BRDA:89,55,0,0
BRDA:89,55,1,0
BRDA:98,56,0,0
BRDA:98,56,1,0
BRDA:98,57,0,0
BRDA:98,57,1,0
BRDA:99,58,0,0
BRDA:99,58,1,0
BRDA:99,59,0,0
BRDA:99,59,1,0
BRDA:100,60,0,0
BRDA:100,60,1,0
BRDA:100,61,0,0
BRDA:100,61,1,0
BRDA:101,62,0,0
BRDA:101,62,1,0
BRDA:101,63,0,0
BRDA:101,63,1,0
BRDA:102,64,0,0
BRDA:102,64,1,0
BRDA:102,65,0,0
BRDA:102,65,1,0
BRDA:108,66,0,0
BRDA:108,66,1,0
BRDA:111,67,0,0
BRDA:111,67,1,0
BRDA:111,68,0,0
BRDA:111,68,1,0
BRDA:112,69,0,0
BRDA:112,69,1,0
BRDA:112,70,0,0
BRDA:112,70,1,0
BRDA:113,71,0,0
BRDA:113,71,1,0
BRDA:113,72,0,0
BRDA:113,72,1,0
BRDA:114,73,0,0
BRDA:114,73,1,0
BRDA:114,74,0,0
BRDA:114,74,1,0
BRDA:116,75,0,0
BRDA:116,75,1,0
BRDA:116,76,0,0
BRDA:116,76,1,0
BRDA:122,77,0,0
BRDA:122,77,1,0
BRDA:126,78,0,0
BRDA:126,78,1,0
BRDA:126,79,0,0
BRDA:126,79,1,0
BRDA:127,80,0,0
BRDA:127,80,1,0
BRDA:127,81,0,0
BRDA:127,81,1,0
BRDA:128,82,0,0
BRDA:128,82,1,0
BRDA:128,83,0,0
BRDA:128,83,1,0
BRDA:129,84,0,0
BRDA:129,84,1,0
BRDA:129,85,0,0
BRDA:129,85,1,0
BRDA:130,86,0,0
BRDA:130,86,1,0
BRDA:130,87,0,0
BRDA:130,87,1,0
BRDA:137,88,0,0
BRDA:137,88,1,0
BRDA:141,89,0,0
BRDA:141,89,1,0
BRDA:141,90,0,0
BRDA:141,90,1,0
BRDA:142,91,0,0
BRDA:142,91,1,0
BRDA:143,92,0,0
BRDA:143,92,1,0
BRDA:143,93,0,0
BRDA:143,93,1,0
BRDA:144,94,0,0
BRDA:144,94,1,0
BRDA:144,95,0,0
BRDA:144,95,1,0
BRDA:145,96,0,0
BRDA:145,96,1,0
BRDA:145,97,0,0
BRDA:145,97,1,0
BRDA:159,98,0,0
BRDA:159,98,1,0
BRDA:159,99,0,0
BRDA:159,99,1,0
BRDA:160,100,0,0
BRDA:160,100,1,0
BRDA:160,101,0,0
BRDA:160,101,1,0
BRDA:161,102,0,0
BRDA:161,102,1,0
BRDA:161,103,0,0
BRDA:161,103,1,0
BRDA:162,104,0,0
BRDA:162,104,1,0
BRDA:162,105,0,0
BRDA:162,105,1,0
BRDA:163,106,0,0
BRDA:163,106,1,0
BRDA:163,107,0,0
BRDA:163,107,1,0
BRDA:164,108,0,0
BRDA:164,108,1,0
BRDA:164,109,0,0
BRDA:164,109,1,0
BRDA:165,110,0,0
BRDA:165,110,1,0
BRDA:165,111,0,0
BRDA:165,111,1,0
BRDA:166,112,0,0
BRDA:166,112,1,0
BRDA:166,113,0,0
BRDA:166,113,1,0
BRDA:167,114,0,0
BRDA:167,114,1,0
BRDA:167,115,0,0
BRDA:167,115,1,0
BRDA:168,116,0,0
BRDA:168,116,1,0
BRDA:168,117,0,0
BRDA:168,117,1,0
BRF:236
BRH:0
end_of_record
TN:
SF:kernel/src/rbac.ts
FN:243,(anonymous_0)
FN:50,loadRoleMapper
FN:64,parseRolesHeader
FN:68,(anonymous_3)
FN:76,normalizeRoles
FN:93,tryDecodeJwtPayload
FN:123,getPrincipalFromRequest
FN:245,hasAnyRole
FN:248,(anonymous_8)
FN:274,requireRoles
FN:275,(anonymous_10)
FN:320,requireAnyAuthenticated
FNF:12
FNH:12
FNDA:8,(anonymous_0)
FNDA:111,loadRoleMapper
FNDA:31,parseRolesHeader
FNDA:41,(anonymous_3)
FNDA:41,normalizeRoles
FNDA:9,tryDecodeJwtPayload
FNDA:70,getPrincipalFromRequest
FNDA:21,hasAnyRole
FNDA:32,(anonymous_8)
FNDA:110,requireRoles
FNDA:22,(anonymous_10)
FNDA:20,requireAnyAuthenticated
DA:17,24
DA:18,24
DA:40,24
DA:51,111
DA:53,111
DA:56,2
DA:65,31
DA:66,30
DA:68,41
DA:77,41
DA:78,41
DA:79,39
DA:80,39
DA:86,2
DA:94,9
DA:95,9
DA:96,9
DA:97,8
DA:98,10
DA:99,8
DA:100,8
DA:101,8
DA:103,1
DA:123,24
DA:124,70
DA:127,70
DA:128,68
DA:129,2
DA:130,2
DA:131,2
DA:133,2
DA:134,2
DA:142,66
DA:143,66
DA:144,66
DA:145,9
DA:146,9
DA:147,9
DA:149,7
DA:150,6
DA:151,6
DA:152,2
DA:154,2
DA:155,2
DA:162,5
DA:163,5
DA:164,5
DA:165,5
DA:166,1
DA:167,1
DA:168,1
DA:171,5
DA:172,5
DA:173,5
DA:175,5
DA:180,59
DA:181,59
DA:183,59
DA:184,19
DA:185,19
DA:186,19
DA:191,40
DA:192,3
DA:193,3
DA:195,3
DA:199,37
DA:200,37
DA:202,37
DA:204,8
DA:205,8
DA:206,1
DA:208,1
DA:209,1
DA:210,1
DA:214,1
DA:216,1
DA:217,1
DA:218,1
DA:224,7
DA:225,7
DA:226,7
DA:230,29
DA:231,29
DA:232,2
DA:233,2
DA:236,27
DA:243,32
DA:245,24
DA:246,21
DA:247,21
DA:248,32
DA:274,24
DA:275,110
DA:276,22
DA:277,22
DA:278,22
DA:279,21
DA:280,20
DA:283,21
DA:284,21
DA:285,8
DA:290,8
DA:293,13
DA:294,4
DA:300,4
DA:303,9
DA:305,1
DA:310,1
DA:320,24
DA:321,20
DA:322,20
DA:323,19
DA:324,19
DA:325,11
DA:326,11
DA:328,8
DA:330,1
DA:331,1
DA:335,24
LF:119
LH:119
BRDA:65,0,0,1
BRDA:65,0,1,30
BRDA:78,1,0,39
BRDA:78,1,1,2
BRDA:78,2,0,41
BRDA:78,2,1,40
BRDA:96,3,0,1
BRDA:96,3,1,8
BRDA:128,4,0,2
BRDA:128,4,1,66
BRDA:128,5,0,68
BRDA:128,5,1,2
BRDA:128,5,2,2
BRDA:133,6,0,2
BRDA:133,6,1,1
BRDA:142,7,0,66
BRDA:142,7,1,57
BRDA:142,7,2,57
BRDA:144,8,0,9
BRDA:144,8,1,57
BRDA:147,9,0,7
BRDA:147,9,1,2
BRDA:149,10,0,6
BRDA:149,10,1,1
BRDA:149,11,0,7
BRDA:149,11,1,7
BRDA:152,12,0,2
BRDA:152,12,1,0
BRDA:154,13,0,2
BRDA:154,13,1,0
BRDA:154,14,0,0
BRDA:154,14,1,0
BRDA:154,14,2,0
BRDA:154,14,3,0
BRDA:162,15,0,5
BRDA:162,15,1,3
BRDA:162,15,2,2
BRDA:162,15,3,1
BRDA:164,16,0,2
BRDA:164,16,1,3
BRDA:164,17,0,5
BRDA:164,17,1,2
BRDA:164,18,0,0
BRDA:164,18,1,5
BRDA:164,19,0,5
BRDA:164,19,1,5
BRDA:165,20,0,1
BRDA:165,20,1,4
BRDA:165,21,0,5
BRDA:165,21,1,1
BRDA:165,22,0,0
BRDA:165,22,1,5
BRDA:165,23,0,5
BRDA:165,23,1,5
BRDA:166,24,0,1
BRDA:166,24,1,0
BRDA:167,25,0,0
BRDA:167,25,1,1
BRDA:167,26,0,1
BRDA:167,26,1,1
BRDA:168,27,0,1
BRDA:168,27,1,0
BRDA:171,28,0,1
BRDA:171,28,1,4
BRDA:171,29,0,0
BRDA:171,29,1,5
BRDA:171,30,0,5
BRDA:171,30,1,5
BRDA:172,31,0,1
BRDA:172,31,1,4
BRDA:172,32,0,0
BRDA:172,32,1,5
BRDA:172,33,0,5
BRDA:172,33,1,5
BRDA:173,34,0,1
BRDA:173,34,1,4
BRDA:173,35,0,0
BRDA:173,35,1,5
BRDA:173,36,0,5
BRDA:173,36,1,5
BRDA:180,37,0,59
BRDA:180,37,1,41
BRDA:181,38,0,59
BRDA:181,38,1,39
BRDA:183,39,0,19
BRDA:183,39,1,40
BRDA:186,40,0,18
BRDA:186,40,1,1
BRDA:191,41,0,3
BRDA:191,41,1,37
BRDA:191,42,0,40
BRDA:191,42,1,40
BRDA:195,43,0,3
BRDA:195,43,1,0
BRDA:199,44,0,37
BRDA:199,44,1,29
BRDA:200,45,0,37
BRDA:200,45,1,30
BRDA:202,46,0,8
BRDA:202,46,1,29
BRDA:204,47,0,8
BRDA:204,47,1,7
BRDA:205,48,0,1
BRDA:205,48,1,7
BRDA:205,49,0,8
BRDA:205,49,1,1
BRDA:205,49,2,1
BRDA:216,50,0,1
BRDA:216,50,1,0
BRDA:217,51,0,1
BRDA:217,51,1,0
BRDA:226,52,0,7
BRDA:226,52,1,0
BRDA:231,53,0,2
BRDA:231,53,1,27
BRDA:246,54,0,17
BRDA:246,54,1,4
BRDA:247,55,0,1
BRDA:247,55,1,20
BRDA:278,56,0,21
BRDA:278,56,1,1
BRDA:284,57,0,8
BRDA:284,57,1,13
BRDA:284,58,0,21
BRDA:284,58,1,21
BRDA:293,59,0,4
BRDA:293,59,1,9
BRDA:322,60,0,0
BRDA:322,60,1,20
BRDA:322,61,0,20
BRDA:322,61,1,20
BRDA:324,62,0,11
BRDA:324,62,1,8
BRDA:324,63,0,19
BRDA:324,63,1,19
BRF:135
BRH:116
end_of_record
TN:
SF:kernel/src/server.ts
FN:40,info
FN:41,warn
FN:42,error
FN:43,debug
FN:46,checkKmsReachable
FN:50,(anonymous_6)
FN:61,readinessCheck
FN:86,tryInstallOpenApiValidator
FN:132,createApp
FN:135,(anonymous_10)
FN:139,(anonymous_11)
FN:158,(anonymous_12)
FN:180,(anonymous_13)
FN:185,(anonymous_14)
FN:192,(anonymous_15)
FN:199,(anonymous_16)
FN:215,start
FN:251,(anonymous_18)
FN:255,(anonymous_19)
FN:261,(anonymous_20)
FN:267,(anonymous_21)
FN:269,(anonymous_22)
FN:273,(anonymous_23)
FNF:23
FNH:11
FNDA:9,info
FNDA:0,warn
FNDA:1,error
FNDA:17,debug
FNDA:0,checkKmsReachable
FNDA:0,(anonymous_6)
FNDA:1,readinessCheck
FNDA:9,tryInstallOpenApiValidator
FNDA:9,createApp
FNDA:17,(anonymous_10)
FNDA:21,(anonymous_11)
FNDA:17,(anonymous_12)
FNDA:0,(anonymous_13)
FNDA:1,(anonymous_14)
FNDA:0,(anonymous_15)
FNDA:1,(anonymous_16)
FNDA:0,start
FNDA:0,(anonymous_18)
FNDA:0,(anonymous_19)
FNDA:0,(anonymous_20)
FNDA:0,(anonymous_21)
FNDA:0,(anonymous_22)
FNDA:0,(anonymous_23)
DA:12,5
DA:13,5
DA:14,5
DA:15,5
DA:16,5
DA:17,5
DA:18,5
DA:29,5
DA:30,5
DA:31,5
DA:32,5
DA:33,5
DA:37,5
DA:40,9
DA:41,0
DA:42,1
DA:43,17
DA:47,0
DA:48,0
DA:49,0
DA:50,0
DA:52,0
DA:53,0
DA:54,0
DA:56,0
DA:63,1
DA:64,1
DA:66,0
DA:67,0
DA:71,1
DA:72,0
DA:73,0
DA:74,0
DA:75,0
DA:76,0
DA:78,0
DA:81,1
DA:82,1
DA:87,9
DA:89,9
DA:91,9
DA:94,9
DA:101,9
DA:102,9
DA:103,9
DA:104,9
DA:108,0
DA:113,0
DA:114,0
DA:115,0
DA:116,0
DA:117,0
DA:118,0
DA:122,0
DA:124,0
DA:132,5
DA:133,9
DA:134,9
DA:135,9
DA:136,17
DA:137,17
DA:138,17
DA:139,17
DA:140,21
DA:141,17
DA:142,17
DA:144,17
DA:145,17
DA:152,17
DA:153,17
DA:154,17
DA:158,9
DA:159,17
DA:160,17
DA:164,9
DA:165,9
DA:166,9
DA:167,9
DA:168,9
DA:170,0
DA:173,0
DA:177,9
DA:180,9
DA:181,0
DA:185,9
DA:186,1
DA:187,1
DA:188,1
DA:192,9
DA:193,0
DA:194,0
DA:199,9
DA:200,1
DA:201,1
DA:202,1
DA:204,0
DA:207,9
DA:216,0
DA:217,0
DA:218,0
DA:219,0
DA:221,0
DA:222,0
DA:223,0
DA:224,0
DA:226,0
DA:227,0
DA:228,0
DA:229,0
DA:230,0
DA:231,0
DA:233,0
DA:234,0
DA:238,0
DA:239,0
DA:241,0
DA:242,0
DA:243,0
DA:244,0
DA:246,0
DA:250,0
DA:251,0
DA:252,0
DA:253,0
DA:255,0
DA:256,0
DA:257,0
DA:259,0
DA:262,0
DA:267,0
DA:268,0
DA:269,0
DA:270,0
DA:271,0
DA:273,0
DA:274,0
DA:275,0
DA:279,0
DA:280,0
DA:282,0
DA:283,0
DA:288,5
DA:289,0
LF:143
LH:66
BRDA:29,0,0,5
BRDA:29,0,1,5
BRDA:30,1,0,5
BRDA:30,1,1,0
BRDA:31,2,0,5
BRDA:31,2,1,5
BRDA:32,3,0,5
BRDA:32,3,1,5
BRDA:33,4,0,0
BRDA:33,4,1,5
BRDA:43,5,0,0
BRDA:43,5,1,17
BRDA:43,6,0,17
BRDA:43,6,1,17
BRDA:46,7,0,0
BRDA:47,8,0,0
BRDA:47,8,1,0
BRDA:71,9,0,0
BRDA:71,9,1,1
BRDA:71,10,0,1
BRDA:71,10,1,1
BRDA:73,11,0,0
BRDA:73,11,1,0
BRDA:91,12,0,9
BRDA:91,12,1,0
BRDA:91,13,0,0
BRDA:91,13,1,9
BRDA:91,14,0,9
BRDA:91,14,1,9
BRDA:92,15,0,0
BRDA:92,15,1,0
BRDA:92,16,0,0
BRDA:92,16,1,0
BRDA:92,17,0,0
BRDA:92,17,1,0
BRDA:92,18,0,0
BRDA:92,18,1,0
BRDA:101,19,0,9
BRDA:101,19,1,0
BRDA:108,20,0,0
BRDA:108,20,1,0
BRDA:108,20,2,0
BRDA:108,20,3,0
BRDA:108,21,0,0
BRDA:108,21,1,0
BRDA:108,22,0,0
BRDA:108,22,1,0
BRDA:109,23,0,0
BRDA:109,23,1,0
BRDA:109,24,0,0
BRDA:109,24,1,0
BRDA:109,25,0,0
BRDA:109,25,1,0
BRDA:109,26,0,0
BRDA:109,26,1,0
BRDA:110,27,0,0
BRDA:110,27,1,0
BRDA:110,28,0,0
BRDA:110,28,1,0
BRDA:113,29,0,0
BRDA:113,29,1,0
BRDA:113,30,0,0
BRDA:113,30,1,0
BRDA:115,31,0,0
BRDA:115,31,1,0
BRDA:124,32,0,0
BRDA:124,32,1,0
BRDA:134,33,0,9
BRDA:134,33,1,9
BRDA:140,34,0,4
BRDA:140,34,1,17
BRDA:144,35,0,17
BRDA:144,35,1,0
BRDA:144,35,2,0
BRDA:144,35,3,0
BRDA:144,35,4,0
BRDA:144,35,5,0
BRDA:148,36,0,17
BRDA:148,36,1,0
BRDA:149,37,0,0
BRDA:149,37,1,17
BRDA:164,38,0,9
BRDA:164,38,1,0
BRDA:170,39,0,0
BRDA:170,39,1,0
BRDA:187,40,0,0
BRDA:187,40,1,1
BRDA:187,41,0,0
BRDA:187,41,1,0
BRDA:187,42,0,0
BRDA:187,42,1,0
BRDA:200,43,0,1
BRDA:200,43,1,0
BRDA:200,44,0,1
BRDA:200,44,1,1
BRDA:201,45,0,1
BRDA:201,45,1,0
BRDA:201,46,0,1
BRDA:201,46,1,1
BRDA:201,47,0,0
BRDA:201,47,1,1
BRDA:201,48,0,1
BRDA:201,48,1,1
BRDA:201,49,0,0
BRDA:201,49,1,1
BRDA:201,50,0,1
BRDA:201,50,1,1
BRDA:204,51,0,0
BRDA:204,51,1,0
BRDA:204,52,0,0
BRDA:204,52,1,0
BRDA:204,53,0,0
BRDA:204,53,1,0
BRDA:204,54,0,0
BRDA:204,54,1,0
BRDA:204,55,0,0
BRDA:204,55,1,0
BRDA:204,56,0,0
BRDA:204,56,1,0
BRDA:218,57,0,0
BRDA:218,57,1,0
BRDA:221,58,0,0
BRDA:221,58,1,0
BRDA:221,59,0,0
BRDA:221,59,1,0
BRDA:222,60,0,0
BRDA:222,60,1,0
BRDA:228,61,0,0
BRDA:228,61,1,0
BRDA:246,62,0,0
BRDA:246,62,1,0
BRDA:256,63,0,0
BRDA:256,63,1,0
BRDA:262,64,0,0
BRDA:262,64,1,0
BRDA:282,65,0,0
BRDA:282,65,1,0
BRDA:288,66,0,0
BRDA:288,66,1,5
BRF:139
BRH:41
end_of_record
TN:
SF:kernel/src/signingProvider.ts
FN:42,canonicalizePayload
FN:43,(anonymous_2)
FN:55,prepareManifestSigningRequest
FN:63,prepareDataSigningRequest
FN:72,getOrCreateKeyPair
FN:80,(anonymous_6)
FN:82,(anonymous_7)
FN:98,(anonymous_8)
FN:105,(anonymous_9)
FN:112,mapKmsManifestResponse
FN:130,(anonymous_11)
FN:134,(anonymous_12)
FN:147,(anonymous_13)
FN:154,(anonymous_14)
FN:157,(anonymous_15)
FN:165,(anonymous_16)
FN:177,(anonymous_17)
FN:192,(anonymous_18)
FN:209,(anonymous_19)
FN:224,(anonymous_20)
FN:235,(anonymous_21)
FN:249,(anonymous_22)
FN:257,(anonymous_23)
FN:262,createSigningProvider
FNF:24
FNH:12
FNDA:9,canonicalizePayload
FNDA:38,(anonymous_2)
FNDA:3,prepareManifestSigningRequest
FNDA:6,prepareDataSigningRequest
FNDA:11,getOrCreateKeyPair
FNDA:15,(anonymous_6)
FNDA:2,(anonymous_7)
FNDA:6,(anonymous_8)
FNDA:3,(anonymous_9)
FNDA:0,mapKmsManifestResponse
FNDA:0,(anonymous_11)
FNDA:0,(anonymous_12)
FNDA:0,(anonymous_13)
FNDA:0,(anonymous_14)
FNDA:0,(anonymous_15)
FNDA:0,(anonymous_16)
FNDA:0,(anonymous_17)
FNDA:0,(anonymous_18)
FNDA:0,(anonymous_19)
FNDA:1,(anonymous_20)
FNDA:1,(anonymous_21)
FNDA:0,(anonymous_22)
FNDA:1,(anonymous_23)
FNDA:0,createSigningProvider
DA:15,13
DA:16,13
DA:17,13
DA:18,13
DA:20,13
DA:42,13
DA:43,9
DA:44,38
DA:45,14
DA:46,13
DA:47,13
DA:48,28
DA:50,13
DA:52,9
DA:55,13
DA:56,3
DA:57,3
DA:58,3
DA:59,3
DA:60,3
DA:63,13
DA:64,6
DA:65,6
DA:66,6
DA:70,13
DA:73,11
DA:74,3
DA:76,11
DA:79,13
DA:80,15
DA:83,2
DA:84,2
DA:85,2
DA:86,2
DA:99,6
DA:100,6
DA:101,6
DA:102,6
DA:106,3
DA:107,3
DA:108,3
DA:113,0
DA:114,0
DA:115,0
DA:116,0
DA:130,0
DA:131,0
DA:135,0
DA:136,0
DA:137,0
DA:138,0
DA:139,0
DA:141,0
DA:144,0
DA:148,0
DA:149,0
DA:150,0
DA:151,0
DA:155,0
DA:156,0
DA:157,0
DA:158,0
DA:159,0
DA:164,0
DA:165,0
DA:166,0
DA:168,0
DA:169,0
DA:171,0
DA:173,0
DA:178,0
DA:179,0
DA:184,0
DA:189,0
DA:193,0
DA:194,0
DA:198,0
DA:203,0
DA:210,0
DA:211,0
DA:215,0
DA:216,0
DA:218,0
DA:223,13
DA:225,1
DA:236,1
DA:237,1
DA:250,0
DA:251,0
DA:258,1
DA:262,13
DA:266,0
DA:267,0
DA:269,0
DA:272,13
LF:95
LH:48
BRDA:44,0,0,24
BRDA:44,0,1,14
BRDA:44,1,0,38
BRDA:44,1,1,38
BRDA:45,2,0,1
BRDA:45,2,1,13
BRDA:57,3,0,3
BRDA:57,3,1,0
BRDA:57,4,0,3
BRDA:57,4,1,3
BRDA:57,5,0,0
BRDA:57,5,1,3
BRDA:57,6,0,3
BRDA:57,6,1,3
BRDA:58,7,0,2
BRDA:58,7,1,1
BRDA:58,8,0,3
BRDA:58,8,1,3
BRDA:58,9,0,0
BRDA:58,9,1,3
BRDA:58,10,0,3
BRDA:58,10,1,3
BRDA:73,11,0,3
BRDA:73,11,1,8
BRDA:80,12,0,0
BRDA:83,13,0,1
BRDA:83,13,1,1
BRDA:83,14,0,2
BRDA:83,14,1,2
BRDA:99,15,0,6
BRDA:99,15,1,0
BRDA:99,16,0,6
BRDA:99,16,1,6
BRDA:113,17,0,0
BRDA:113,17,1,0
BRDA:113,18,0,0
BRDA:113,18,1,0
BRDA:113,19,0,0
BRDA:113,19,1,0
BRDA:113,20,0,0
BRDA:113,20,1,0
BRDA:114,21,0,0
BRDA:114,21,1,0
BRDA:114,22,0,0
BRDA:114,22,1,0
BRDA:114,23,0,0
BRDA:114,23,1,0
BRDA:114,24,0,0
BRDA:114,24,1,0
BRDA:115,25,0,0
BRDA:115,25,1,0
BRDA:115,26,0,0
BRDA:115,26,1,0
BRDA:115,27,0,0
BRDA:115,27,1,0
BRDA:115,28,0,0
BRDA:115,28,1,0
BRDA:120,29,0,0
BRDA:120,29,1,0
BRDA:120,30,0,0
BRDA:120,30,1,0
BRDA:120,31,0,0
BRDA:120,31,1,0
BRDA:120,32,0,0
BRDA:120,32,1,0
BRDA:121,33,0,0
BRDA:121,33,1,0
BRDA:121,34,0,0
BRDA:121,34,1,0
BRDA:121,35,0,0
BRDA:121,35,1,0
BRDA:121,36,0,0
BRDA:121,36,1,0
BRDA:122,37,0,0
BRDA:122,37,1,0
BRDA:122,38,0,0
BRDA:122,38,1,0
BRDA:123,39,0,0
BRDA:123,39,1,0
BRDA:123,40,0,0
BRDA:123,40,1,0
BRDA:123,41,0,0
BRDA:123,41,1,0
BRDA:123,42,0,0
BRDA:123,42,1,0
BRDA:135,43,0,0
BRDA:135,43,1,0
BRDA:135,44,0,0
BRDA:135,44,1,0
BRDA:147,45,0,0
BRDA:149,46,0,0
BRDA:149,46,1,0
BRDA:150,47,0,0
BRDA:150,47,1,0
BRDA:155,48,0,0
BRDA:155,48,1,0
BRDA:164,49,0,0
BRDA:164,49,1,0
BRDA:168,50,0,0
BRDA:168,50,1,0
BRDA:168,51,0,0
BRDA:168,51,1,0
BRDA:168,52,0,0
BRDA:168,52,1,0
BRDA:178,53,0,0
BRDA:178,53,1,0
BRDA:178,54,0,0
BRDA:178,54,1,0
BRDA:193,55,0,0
BRDA:193,55,1,0
BRDA:193,56,0,0
BRDA:193,56,1,0
BRDA:205,57,0,0
BRDA:205,57,1,0
BRDA:205,58,0,0
BRDA:205,58,1,0
BRDA:205,59,0,0
BRDA:205,59,1,0
BRDA:205,60,0,0
BRDA:205,60,1,0
BRDA:209,61,0,0
BRDA:215,62,0,0
BRDA:215,62,1,0
BRDA:216,63,0,0
BRDA:216,63,1,0
BRDA:216,64,0,0
BRDA:216,64,1,0
BRDA:216,65,0,0
BRDA:216,65,1,0
BRDA:216,66,0,0
BRDA:216,66,1,0
BRDA:216,67,0,0
BRDA:216,67,1,0
BRDA:216,68,0,0
BRDA:216,68,1,0
BRDA:216,69,0,0
BRDA:216,69,1,0
BRDA:216,70,0,0
BRDA:216,70,1,0
BRDA:218,71,0,0
BRDA:218,71,1,0
BRDA:225,72,0,0
BRDA:236,73,0,1
BRDA:236,73,1,0
BRDA:236,74,0,1
BRDA:236,74,1,1
BRDA:240,75,0,1
BRDA:240,75,1,0
BRDA:240,76,0,1
BRDA:240,76,1,1
BRDA:241,77,0,1
BRDA:241,77,1,0
BRDA:241,78,0,1
BRDA:241,78,1,1
BRDA:242,79,0,1
BRDA:242,79,1,0
BRDA:242,80,0,1
BRDA:242,80,1,1
BRDA:243,81,0,1
BRDA:243,81,1,0
BRDA:243,82,0,1
BRDA:243,82,1,1
BRDA:244,83,0,1
BRDA:244,83,1,0
BRDA:244,84,0,1
BRDA:244,84,1,1
BRDA:250,85,0,0
BRDA:250,85,1,0
BRDA:250,86,0,0
BRDA:250,86,1,0
BRDA:252,87,0,0
BRDA:252,87,1,0
BRDA:252,88,0,0
BRDA:252,88,1,0
BRDA:253,89,0,0
BRDA:253,89,1,0
BRDA:253,90,0,0
BRDA:253,90,1,0
BRDA:258,91,0,1
BRDA:258,91,1,0
BRDA:258,92,0,1
BRDA:258,92,1,1
BRDA:263,93,0,0
BRDA:264,94,0,0
BRDA:266,95,0,0
BRDA:266,95,1,0
BRDA:266,96,0,0
BRDA:266,96,1,0
BRDA:266,96,2,0
BRF:189
BRH:49
end_of_record
TN:
SF:kernel/src/signingProxy.ts
FN:31,signManifest
FN:54,signData
FNF:2
FNH:2
FNDA:4,signManifest
FNDA:9,signData
DA:16,15
DA:17,15
DA:25,15
DA:26,15
DA:29,15
DA:31,15
DA:32,4
DA:34,4
DA:35,3
DA:36,1
DA:38,2
DA:41,1
DA:42,1
DA:44,0
DA:45,0
DA:46,0
DA:47,0
DA:49,0
DA:50,0
DA:54,15
DA:55,9
DA:57,9
DA:58,8
DA:59,1
DA:61,7
DA:64,1
DA:65,1
DA:66,0
DA:68,1
DA:70,0
DA:71,0
DA:72,0
DA:73,0
DA:75,0
DA:76,0
DA:83,15
DA:97,15
LF:37
LH:24
BRDA:26,0,0,1
BRDA:26,0,1,14
BRDA:34,1,0,3
BRDA:34,1,1,1
BRDA:35,2,0,1
BRDA:35,2,1,2
BRDA:44,3,0,0
BRDA:44,3,1,0
BRDA:46,4,0,0
BRDA:46,4,1,0
BRDA:57,5,0,8
BRDA:57,5,1,1
BRDA:58,6,0,1
BRDA:58,6,1,7
BRDA:65,7,0,0
BRDA:65,7,1,1
BRDA:70,8,0,0
BRDA:70,8,1,0
BRDA:72,9,0,0
BRDA:72,9,1,0
BRF:20
BRH:11
end_of_record
TN:
SF:kernel/src/api/kernels/handler.ts
FN:23,(anonymous_1)
FN:26,(anonymous_2)
FN:42,(anonymous_3)
FN:59,(anonymous_4)
FN:90,defaultCreateKernel
FN:101,validateIdempotencyKey
FN:109,handleKernelCreate
FN:154,createKernelRouter
FN:161,(anonymous_9)
FNF:9
FNH:5
FNDA:0,(anonymous_1)
FNDA:0,(anonymous_2)
FNDA:0,(anonymous_3)
FNDA:0,(anonymous_4)
FNDA:1,defaultCreateKernel
FNDA:2,validateIdempotencyKey
FNDA:2,handleKernelCreate
FNDA:3,createKernelRouter
FNDA:2,(anonymous_9)
DA:1,1
DA:2,1
DA:3,1
DA:4,1
DA:5,1
DA:6,1
DA:24,0
DA:27,0
DA:28,0
DA:39,0
DA:43,0
DA:44,0
DA:45,0
DA:46,0
DA:47,0
DA:48,0
DA:60,0
DA:61,0
DA:88,1
DA:91,1
DA:92,1
DA:102,2
DA:103,2
DA:104,0
DA:106,2
DA:115,2
DA:116,2
DA:117,2
DA:118,2
DA:119,2
DA:120,0
DA:123,2
DA:124,2
DA:125,1
DA:126,1
DA:127,1
DA:130,1
DA:131,1
DA:132,1
DA:142,1
DA:143,1
DA:144,1
DA:145,1
DA:147,0
DA:148,0
DA:150,0
DA:154,1
DA:155,3
DA:156,3
DA:158,3
DA:161,2
DA:164,3
DA:167,1
LF:53
LH:36
BRDA:27,0,0,0
BRDA:27,0,1,0
BRDA:45,1,0,0
BRDA:45,1,1,0
BRDA:47,2,0,0
BRDA:47,2,1,0
BRDA:54,3,0,0
BRDA:54,3,1,0
BRDA:55,4,0,0
BRDA:55,4,1,0
BRDA:74,5,0,0
BRDA:74,5,1,0
BRDA:74,6,0,0
BRDA:74,6,1,0
BRDA:75,7,0,0
BRDA:75,7,1,0
BRDA:75,8,0,0
BRDA:75,8,1,0
BRDA:91,9,0,1
BRDA:91,9,1,1
BRDA:91,9,2,1
BRDA:91,10,0,0
BRDA:91,10,1,1
BRDA:91,11,0,1
BRDA:91,11,1,1
BRDA:91,12,0,0
BRDA:91,12,1,1
BRDA:91,13,0,1
BRDA:91,13,1,1
BRDA:96,14,0,0
BRDA:96,14,1,1
BRDA:96,15,0,1
BRDA:96,15,1,1
BRDA:96,16,0,0
BRDA:96,16,1,1
BRDA:96,17,0,1
BRDA:96,17,1,1
BRDA:103,18,0,0
BRDA:103,18,1,2
BRDA:103,19,0,2
BRDA:103,19,1,2
BRDA:117,20,0,2
BRDA:117,20,1,0
BRDA:117,21,0,2
BRDA:117,21,1,2
BRDA:119,22,0,0
BRDA:119,22,1,2
BRDA:124,23,0,1
BRDA:124,23,1,1
BRDA:130,24,0,0
BRDA:130,24,1,1
BRDA:130,25,0,1
BRDA:130,25,1,1
BRDA:131,26,0,1
BRDA:131,26,1,0
BRDA:131,27,0,1
BRDA:131,27,1,1
BRDA:147,28,0,0
BRDA:147,28,1,0
BRDA:154,29,0,0
BRF:60
BRH:30
end_of_record
TN:
SF:kernel/src/audit/auditPolicy.ts
FN:24,(anonymous_0)
FN:37,(anonymous_1)
FN:39,setSamplingRandom
FN:43,resolveSampleRate
FN:46,(anonymous_4)
FN:56,evaluateAuditPolicy
FN:84,cleanupExpiredAuditEvents
FNF:7
FNH:6
FNDA:13,(anonymous_0)
FNDA:0,(anonymous_1)
FNDA:6,setSamplingRandom
FNDA:2,resolveSampleRate
FNDA:1,(anonymous_4)
FNDA:9,evaluateAuditPolicy
FNDA:1,cleanupExpiredAuditEvents
DA:1,13
DA:9,13
DA:11,13
DA:21,13
DA:24,13
DA:37,13
DA:39,13
DA:40,6
DA:44,2
DA:45,2
DA:46,1
DA:48,2
DA:49,1
DA:50,1
DA:53,1
DA:56,13
DA:61,9
DA:62,9
DA:66,9
DA:67,2
DA:70,7
DA:71,7
DA:72,5
DA:75,2
DA:76,2
DA:77,1
DA:80,1
DA:81,1
DA:84,13
DA:85,1
DA:86,1
LF:31
LH:31
BRDA:9,0,0,13
BRDA:9,0,1,13
BRDA:13,1,0,13
BRDA:13,1,1,13
BRDA:17,2,0,13
BRDA:17,2,1,13
BRDA:22,3,0,13
BRDA:22,3,1,13
BRDA:44,4,0,0
BRDA:44,4,1,2
BRDA:45,5,0,2
BRDA:45,5,1,0
BRDA:45,6,0,0
BRDA:45,6,1,2
BRDA:45,7,0,2
BRDA:45,7,1,2
BRDA:49,8,0,1
BRDA:49,8,1,0
BRDA:61,9,0,9
BRDA:61,9,1,0
BRDA:62,10,0,9
BRDA:62,10,1,0
BRDA:66,11,0,2
BRDA:66,11,1,7
BRDA:71,12,0,5
BRDA:71,12,1,2
BRDA:76,13,0,1
BRDA:76,13,1,1
BRDA:86,14,0,1
BRDA:86,14,1,0
BRF:30
BRH:23
end_of_record
TN:
SF:kernel/src/auth/roleMapping.ts
FN:9,loadServiceRoleMap
FN:19,(anonymous_1)
FN:23,(anonymous_2)
FN:41,uniq
FN:48,mapOidcRolesToCanonical
FN:83,principalFromOidcClaims
FN:109,principalFromCert
FN:152,(anonymous_7)
FN:154,(anonymous_8)
FNF:9
FNH:8
FNDA:7,loadServiceRoleMap
FNDA:6,(anonymous_1)
FNDA:0,(anonymous_2)
FNDA:44,uniq
FNDA:46,mapOidcRolesToCanonical
FNDA:5,principalFromOidcClaims
FNDA:7,principalFromCert
FNDA:13,(anonymous_7)
FNDA:10,(anonymous_8)
DA:7,20
DA:10,7
DA:11,7
DA:12,5
DA:13,5
DA:14,5
DA:15,5
DA:16,5
DA:17,5
DA:18,5
DA:19,6
DA:20,0
DA:21,0
DA:23,0
DA:28,5
DA:31,0
DA:32,0
DA:42,44
DA:48,20
DA:49,46
DA:51,44
DA:52,44
DA:53,79
DA:54,79
DA:56,79
DA:57,8
DA:58,8
DA:60,71
DA:61,11
DA:62,11
DA:64,60
DA:65,35
DA:66,35
DA:68,25
DA:69,10
DA:70,10
DA:74,15
DA:77,44
DA:83,20
DA:85,5
DA:87,5
DA:89,5
DA:90,5
DA:91,3
DA:92,5
DA:93,5
DA:96,5
DA:97,5
DA:98,5
DA:99,5
DA:100,5
DA:102,5
DA:103,5
DA:109,20
DA:110,7
DA:112,7
DA:113,7
DA:114,7
DA:115,0
DA:118,7
DA:119,0
DA:122,7
DA:123,7
DA:124,7
DA:125,7
DA:128,7
DA:129,0
DA:130,0
DA:133,7
DA:134,7
DA:136,7
DA:137,7
DA:138,3
DA:139,3
DA:140,6
DA:141,6
DA:142,6
DA:143,6
DA:144,6
DA:145,6
DA:152,13
DA:153,7
DA:154,10
DA:159,7
DA:160,7
DA:161,7
DA:162,1
DA:165,7
DA:167,7
DA:168,7
DA:169,2
DA:172,7
DA:175,20
LF:93
LH:84
BRDA:11,0,0,2
BRDA:11,0,1,5
BRDA:15,1,0,5
BRDA:15,1,1,0
BRDA:15,2,0,5
BRDA:15,2,1,5
BRDA:17,3,0,0
BRDA:17,3,1,5
BRDA:18,4,0,5
BRDA:18,4,1,0
BRDA:20,5,0,0
BRDA:20,5,1,0
BRDA:48,6,0,0
BRDA:49,7,0,2
BRDA:49,7,1,44
BRDA:49,8,0,46
BRDA:49,8,1,46
BRDA:53,9,0,0
BRDA:53,9,1,79
BRDA:53,10,0,79
BRDA:53,10,1,79
BRDA:56,11,0,8
BRDA:56,11,1,71
BRDA:56,12,0,79
BRDA:56,12,1,71
BRDA:60,13,0,11
BRDA:60,13,1,60
BRDA:60,14,0,71
BRDA:60,14,1,60
BRDA:64,15,0,35
BRDA:64,15,1,25
BRDA:64,16,0,60
BRDA:64,16,1,25
BRDA:68,17,0,10
BRDA:68,17,1,15
BRDA:68,18,0,25
BRDA:68,18,1,15
BRDA:85,19,0,5
BRDA:85,19,1,0
BRDA:85,20,0,5
BRDA:85,20,1,5
BRDA:85,21,0,5
BRDA:85,21,1,0
BRDA:85,22,0,5
BRDA:85,22,1,5
BRDA:85,23,0,5
BRDA:85,23,1,0
BRDA:85,24,0,5
BRDA:85,24,1,5
BRDA:85,25,0,5
BRDA:85,25,1,0
BRDA:85,26,0,5
BRDA:85,26,1,5
BRDA:85,27,0,5
BRDA:85,27,1,0
BRDA:85,28,0,5
BRDA:85,28,1,5
BRDA:85,29,0,0
BRDA:85,29,1,5
BRDA:85,30,0,5
BRDA:85,30,1,5
BRDA:85,31,0,0
BRDA:85,31,1,0
BRDA:85,32,0,0
BRDA:85,32,1,0
BRDA:85,33,0,0
BRDA:85,33,1,0
BRDA:85,34,0,0
BRDA:85,34,1,0
BRDA:85,35,0,0
BRDA:85,35,1,0
BRDA:85,36,0,0
BRDA:85,36,1,0
BRDA:85,37,0,0
BRDA:85,37,1,0
BRDA:85,38,0,0
BRDA:85,38,1,0
BRDA:89,39,0,3
BRDA:89,39,1,2
BRDA:89,40,0,2
BRDA:89,40,1,3
BRDA:89,41,0,5
BRDA:89,41,1,5
BRDA:89,42,0,0
BRDA:89,42,1,5
BRDA:89,43,0,5
BRDA:89,43,1,5
BRDA:90,44,0,3
BRDA:90,44,1,2
BRDA:90,45,0,5
BRDA:90,45,1,3
BRDA:90,46,0,0
BRDA:90,46,1,5
BRDA:90,47,0,5
BRDA:90,47,1,5
BRDA:93,48,0,5
BRDA:93,48,1,0
BRDA:93,49,0,5
BRDA:93,49,1,5
BRDA:96,50,0,2
BRDA:96,50,1,3
BRDA:96,51,0,0
BRDA:96,51,1,5
BRDA:96,52,0,5
BRDA:96,52,1,5
BRDA:97,53,0,0
BRDA:97,53,1,5
BRDA:97,54,0,0
BRDA:97,54,1,5
BRDA:97,55,0,5
BRDA:97,55,1,5
BRDA:98,56,0,1
BRDA:98,56,1,4
BRDA:98,57,0,0
BRDA:98,57,1,5
BRDA:98,58,0,5
BRDA:98,58,1,5
BRDA:99,59,0,0
BRDA:99,59,1,5
BRDA:99,60,0,0
BRDA:99,60,1,5
BRDA:99,61,0,5
BRDA:99,61,1,5
BRDA:100,62,0,0
BRDA:100,62,1,5
BRDA:100,63,0,0
BRDA:100,63,1,5
BRDA:100,64,0,5
BRDA:100,64,1,5
BRDA:114,65,0,0
BRDA:114,65,1,7
BRDA:118,66,0,0
BRDA:118,66,1,7
BRDA:118,67,0,7
BRDA:118,67,1,0
BRDA:122,68,0,7
BRDA:122,68,1,0
BRDA:122,68,2,0
BRDA:123,69,0,7
BRDA:123,69,1,0
BRDA:123,70,0,7
BRDA:123,70,1,7
BRDA:124,71,0,7
BRDA:124,71,1,0
BRDA:125,72,0,7
BRDA:125,72,1,0
BRDA:125,73,0,7
BRDA:125,73,1,7
BRDA:128,74,0,0
BRDA:128,74,1,7
BRDA:128,75,0,7
BRDA:128,75,1,0
BRDA:130,76,0,0
BRDA:130,76,1,0
BRDA:130,77,0,0
BRDA:130,77,1,0
BRDA:130,78,0,0
BRDA:130,78,1,0
BRDA:133,79,0,0
BRDA:133,79,1,7
BRDA:134,80,0,0
BRDA:134,80,1,7
BRDA:136,81,0,7
BRDA:136,81,1,4
BRDA:136,81,2,4
BRDA:137,82,0,3
BRDA:137,82,1,4
BRDA:138,83,0,0
BRDA:138,83,1,3
BRDA:140,84,0,0
BRDA:140,84,1,6
BRDA:142,85,0,0
BRDA:142,85,1,6
BRDA:144,86,0,5
BRDA:144,86,1,1
BRDA:145,87,0,6
BRDA:145,87,1,0
BRDA:152,88,0,13
BRDA:152,88,1,13
BRDA:154,89,0,10
BRDA:154,89,1,4
BRDA:160,90,0,7
BRDA:160,90,1,0
BRDA:161,91,0,1
BRDA:161,91,1,6
BRDA:161,92,0,7
BRDA:161,92,1,3
BRDA:165,93,0,7
BRDA:165,93,1,2
BRDA:165,93,2,0
BRDA:167,94,0,5
BRDA:167,94,1,2
BRDA:167,95,0,7
BRDA:167,95,1,5
BRDA:168,96,0,2
BRDA:168,96,1,5
BRDA:168,97,0,7
BRDA:168,97,1,5
BRDA:169,98,0,1
BRDA:169,98,1,1
BRF:200
BRH:136
end_of_record
TN:
SF:kernel/src/config/kms.ts
FN:18,loadKmsConfig
FNF:1
FNH:1
FNDA:18,loadKmsConfig
DA:1,14
DA:18,14
DA:19,18
DA:20,18
DA:21,18
DA:22,18
DA:23,18
DA:24,18
DA:25,18
DA:27,18
DA:38,14
LF:11
LH:11
BRDA:19,0,0,18
BRDA:19,0,1,18
BRDA:19,1,0,18
BRDA:19,1,1,18
BRDA:20,2,0,18
BRDA:20,2,1,18
BRDA:21,3,0,18
BRDA:21,3,1,18
BRDA:22,4,0,18
BRDA:22,4,1,18
BRDA:23,5,0,0
BRDA:23,5,1,18
BRDA:24,6,0,0
BRDA:24,6,1,18
BRDA:25,7,0,18
BRDA:25,7,1,18
BRF:16
BRH:14
end_of_record
TN:
SF:kernel/src/db/index.ts
FN:31,query
FN:39,getClient
FN:55,runMigrations
FN:84,(anonymous_4)
FN:114,waitForDb
FN:124,(anonymous_6)
FN:131,(anonymous_7)
FNF:7
FNH:3
FNDA:2,query
FNDA:8,getClient
FNDA:0,runMigrations
FNDA:0,(anonymous_4)
FNDA:4,waitForDb
FNDA:0,(anonymous_6)
FNDA:0,(anonymous_7)
DA:15,20
DA:17,20
DA:18,20
DA:20,20
DA:22,20
DA:31,20
DA:32,2
DA:39,20
DA:40,8
DA:55,20
DA:56,0
DA:62,0
DA:64,0
DA:65,0
DA:66,0
DA:67,0
DA:68,0
DA:69,0
DA:76,0
DA:77,0
DA:78,0
DA:81,0
DA:83,0
DA:84,0
DA:87,0
DA:88,0
DA:89,0
DA:92,0
DA:93,0
DA:94,0
DA:95,0
DA:96,0
DA:97,0
DA:98,0
DA:99,0
DA:100,0
DA:102,0
DA:103,0
DA:107,0
DA:114,20
DA:115,4
DA:116,4
DA:117,4
DA:118,4
DA:119,4
DA:121,0
DA:122,0
DA:124,0
DA:130,20
DA:131,0
DA:132,0
DA:133,0
DA:134,0
DA:135,0
DA:136,0
DA:137,0
DA:138,0
DA:140,0
DA:141,0
LF:59
LH:17
BRDA:20,0,0,20
BRDA:20,0,1,20
BRDA:67,1,0,0
BRDA:67,1,1,0
BRDA:76,2,0,0
BRDA:76,2,1,0
BRDA:87,3,0,0
BRDA:87,3,1,0
BRDA:102,4,0,0
BRDA:102,4,1,0
BRDA:114,5,0,0
BRDA:114,6,0,0
BRDA:121,7,0,0
BRDA:121,7,1,0
BRDA:130,8,0,0
BRDA:130,8,1,20
BRF:16
BRH:3
end_of_record
TN:
SF:kernel/src/embedding/vecdb.ts
FN:25,cosineSimilarity
FN:50,(anonymous_2)
FN:53,(anonymous_3)
FN:57,(anonymous_4)
FN:60,(anonymous_5)
FN:65,(anonymous_6)
FN:71,(anonymous_7)
FN:73,(anonymous_8)
FN:82,(anonymous_9)
FN:86,(anonymous_10)
FN:94,(anonymous_11)
FN:107,(anonymous_12)
FN:131,createVectorStore
FN:143,getVectorStore
FN:150,setVectorStore
FNF:15
FNH:13
FNDA:2,cosineSimilarity
FNDA:2,(anonymous_2)
FNDA:2,(anonymous_3)
FNDA:4,(anonymous_4)
FNDA:1,(anonymous_5)
FNDA:2,(anonymous_6)
FNDA:1,(anonymous_7)
FNDA:1,(anonymous_8)
FNDA:1,(anonymous_9)
FNDA:2,(anonymous_10)
FNDA:1,(anonymous_11)
FNDA:1,(anonymous_12)
FNDA:2,createVectorStore
FNDA:0,getVectorStore
FNDA:0,setVectorStore
DA:10,1
DA:26,2
DA:27,0
DA:29,2
DA:30,2
DA:31,2
DA:32,2
DA:33,4
DA:34,4
DA:35,4
DA:36,4
DA:37,4
DA:39,2
DA:40,0
DA:42,2
DA:50,1
DA:51,2
DA:54,2
DA:55,0
DA:57,4
DA:61,1
DA:62,0
DA:64,1
DA:65,2
DA:70,1
DA:71,1
DA:73,1
DA:81,1
DA:82,1
DA:83,1
DA:87,2
DA:88,2
DA:89,2
DA:91,2
DA:95,1
DA:96,1
DA:101,1
DA:102,0
DA:103,0
DA:108,1
DA:109,1
DA:114,1
DA:115,0
DA:116,0
DA:118,1
DA:119,1
DA:123,1
DA:131,1
DA:132,2
DA:133,2
DA:134,1
DA:135,1
DA:136,1
DA:138,0
DA:140,1
DA:143,1
DA:144,0
DA:145,0
DA:147,0
DA:150,1
DA:151,0
LF:61
LH:48
BRDA:26,0,0,0
BRDA:26,0,1,2
BRDA:26,1,0,2
BRDA:26,1,1,2
BRDA:39,2,0,0
BRDA:39,2,1,2
BRDA:39,3,0,2
BRDA:39,3,1,2
BRDA:54,4,0,0
BRDA:54,4,1,2
BRDA:54,5,0,2
BRDA:54,5,1,2
BRDA:57,6,0,2
BRDA:57,6,1,2
BRDA:61,7,0,0
BRDA:61,7,1,1
BRDA:61,8,0,1
BRDA:61,8,1,1
BRDA:64,9,0,1
BRDA:64,9,1,0
BRDA:64,10,0,1
BRDA:64,10,1,0
BRDA:68,11,0,0
BRDA:68,11,1,2
BRDA:68,12,0,2
BRDA:68,12,1,0
BRDA:88,13,0,2
BRDA:88,13,1,0
BRDA:99,14,0,1
BRDA:99,14,1,0
BRDA:99,15,0,1
BRDA:99,15,1,1
BRDA:101,16,0,0
BRDA:101,16,1,1
BRDA:103,17,0,0
BRDA:103,17,1,0
BRDA:114,18,0,0
BRDA:114,18,1,1
BRDA:116,19,0,0
BRDA:116,19,1,0
BRDA:119,20,0,1
BRDA:119,20,1,0
BRDA:132,21,0,2
BRDA:132,21,1,1
BRDA:132,21,2,1
BRDA:132,22,0,1
BRDA:132,22,1,1
BRDA:132,23,0,2
BRDA:132,23,1,2
BRDA:133,24,0,1
BRDA:133,24,1,1
BRDA:134,25,0,1
BRDA:134,25,1,1
BRDA:134,26,0,0
BRDA:134,26,1,1
BRDA:134,27,0,1
BRDA:134,27,1,1
BRDA:135,28,0,1
BRDA:135,28,1,0
BRDA:138,29,0,0
BRDA:138,29,1,0
BRDA:138,30,0,0
BRDA:138,30,1,0
BRDA:138,31,0,0
BRDA:138,31,1,0
BRDA:144,32,0,0
BRDA:144,32,1,0
BRF:67
BRH:40
end_of_record
TN:
SF:kernel/src/handlers/kernelCreate.ts
FN:33,(anonymous_1)
FN:40,(anonymous_2)
FN:46,cloneResponse
FN:61,(anonymous_4)
FN:64,(anonymous_5)
FN:76,(anonymous_6)
FN:90,setKernelCreateStore
FN:94,resetKernelCreateStore
FN:98,getKernelCreateStore
FN:102,normalizeIdempotencyKey
FN:129,handleKernelCreateRequest
FN:135,(anonymous_12)
FN:136,(anonymous_13)
FNF:13
FNH:10
FNDA:0,(anonymous_1)
FNDA:0,(anonymous_2)
FNDA:4,cloneResponse
FNDA:15,(anonymous_4)
FNDA:2,(anonymous_5)
FNDA:1,(anonymous_6)
FNDA:0,setKernelCreateStore
FNDA:3,resetKernelCreateStore
FNDA:2,getKernelCreateStore
FNDA:2,normalizeIdempotencyKey
FNDA:2,handleKernelCreateRequest
FNDA:1,(anonymous_12)
FNDA:1,(anonymous_13)
DA:1,12
DA:32,12
DA:34,0
DA:35,0
DA:39,12
DA:41,0
DA:42,0
DA:47,4
DA:52,4
DA:53,4
DA:55,4
DA:56,0
DA:58,4
DA:62,15
DA:65,2
DA:66,2
DA:67,1
DA:77,1
DA:84,1
DA:88,12
DA:90,12
DA:91,0
DA:94,12
DA:95,3
DA:98,12
DA:99,2
DA:103,2
DA:104,0
DA:106,2
DA:129,12
DA:132,2
DA:133,2
DA:134,2
DA:135,2
DA:136,2
DA:138,2
DA:139,2
DA:140,1
DA:141,0
DA:143,1
DA:151,1
DA:152,1
DA:154,1
DA:160,1
DA:161,1
DA:164,1
DA:165,0
DA:168,1
DA:176,1
DA:178,1
LF:50
LH:41
BRDA:40,0,0,0
BRDA:50,1,0,4
BRDA:50,1,1,0
BRDA:50,2,0,4
BRDA:50,2,1,4
BRDA:52,3,0,4
BRDA:52,3,1,0
BRDA:55,4,0,0
BRDA:55,4,1,4
BRDA:66,5,0,1
BRDA:66,5,1,1
BRDA:103,6,0,0
BRDA:103,6,1,2
BRDA:103,7,0,2
BRDA:103,7,1,2
BRDA:134,8,0,0
BRDA:134,8,1,2
BRDA:134,9,0,2
BRDA:134,9,1,2
BRDA:134,10,0,2
BRDA:134,10,1,0
BRDA:134,11,0,2
BRDA:134,11,1,2
BRDA:135,12,0,0
BRDA:135,12,1,2
BRDA:135,13,0,2
BRDA:135,13,1,2
BRDA:135,14,0,2
BRDA:135,14,1,0
BRDA:135,15,0,2
BRDA:135,15,1,2
BRDA:136,16,0,0
BRDA:136,16,1,2
BRDA:136,17,0,2
BRDA:136,17,1,2
BRDA:136,18,0,2
BRDA:136,18,1,0
BRDA:136,19,0,2
BRDA:136,19,1,2
BRDA:139,20,0,1
BRDA:139,20,1,1
BRDA:140,21,0,0
BRDA:140,21,1,1
BRDA:140,22,0,1
BRDA:140,22,1,1
BRDA:140,22,2,1
BRDA:140,23,0,0
BRDA:140,23,1,1
BRDA:140,24,0,1
BRDA:140,24,1,1
BRDA:152,25,0,1
BRDA:152,25,1,1
BRDA:152,25,2,1
BRDA:152,26,0,0
BRDA:152,26,1,1
BRDA:152,27,0,1
BRDA:152,27,1,1
BRDA:152,28,0,0
BRDA:152,28,1,1
BRDA:152,29,0,1
BRDA:152,29,1,1
BRDA:157,30,0,1
BRDA:157,30,1,0
BRDA:157,31,0,1
BRDA:157,31,1,1
BRDA:157,32,0,0
BRDA:157,32,1,1
BRDA:157,33,0,1
BRDA:157,33,1,1
BRDA:160,34,0,1
BRDA:160,34,1,0
BRDA:160,35,0,0
BRDA:160,35,1,1
BRDA:160,36,0,1
BRDA:160,36,1,1
BRDA:164,37,0,0
BRDA:164,37,1,1
BRDA:164,38,0,0
BRDA:164,38,1,1
BRDA:164,39,0,1
BRDA:164,39,1,1
BRDA:170,40,0,1
BRDA:170,40,1,0
BRDA:170,41,0,1
BRDA:170,41,1,1
BRDA:170,42,0,0
BRDA:170,42,1,1
BRDA:170,43,0,1
BRDA:170,43,1,1
BRF:89
BRH:66
end_of_record
TN:
SF:kernel/src/idempotency/config.ts
FN:3,getIdempotencyTableName
FN:7,getIdempotencyTtlSeconds
FN:17,computeIdempotencyExpiry
FN:22,getIdempotencyTtlIso
FNF:4
FNH:4
FNDA:16,getIdempotencyTableName
FNDA:9,getIdempotencyTtlSeconds
FNDA:7,computeIdempotencyExpiry
FNDA:7,getIdempotencyTtlIso
DA:1,15
DA:3,15
DA:4,16
DA:7,15
DA:8,9
DA:9,9
DA:10,3
DA:11,3
DA:12,1
DA:14,2
DA:17,15
DA:18,7
DA:19,7
DA:22,15
DA:23,7
DA:26,15
LF:16
LH:16
BRDA:4,0,0,16
BRDA:4,0,1,16
BRDA:9,1,0,6
BRDA:9,1,1,3
BRDA:11,2,0,1
BRDA:11,2,1,2
BRDA:11,3,0,3
BRDA:11,3,1,3
BRDA:17,4,0,0
BRDA:22,5,0,7
BRF:10
BRH:9
end_of_record
TN:
SF:kernel/src/internal/multisig.ts
FN:22,parseApproverList
FN:26,(anonymous_1)
FN:27,(anonymous_2)
FN:31,parseRequired
FN:39,getUpgradeMultiSigConfig
FN:48,validateApprover
FN:61,evaluateQuorum
FNF:7
FNH:7
FNDA:5,parseApproverList
FNDA:25,(anonymous_1)
FNDA:25,(anonymous_2)
FNDA:5,parseRequired
FNDA:5,getUpgradeMultiSigConfig
FNDA:3,validateApprover
FNDA:2,evaluateQuorum
DA:19,13
DA:20,13
DA:23,5
DA:24,5
DA:26,25
DA:27,25
DA:28,5
DA:32,5
DA:33,5
DA:34,0
DA:36,5
DA:39,13
DA:40,5
DA:41,5
DA:42,5
DA:48,13
DA:52,3
DA:53,0
DA:55,3
DA:56,0
DA:58,3
DA:61,13
DA:65,2
DA:66,2
DA:67,2
DA:69,2
DA:70,5
DA:71,5
DA:72,0
DA:73,0
DA:75,5
DA:78,2
DA:79,2
DA:80,2
DA:82,2
LF:35
LH:30
BRDA:23,0,0,0
BRDA:23,0,1,5
BRDA:28,1,0,5
BRDA:28,1,1,0
BRDA:33,2,0,0
BRDA:33,2,1,5
BRDA:33,3,0,5
BRDA:33,3,1,5
BRDA:34,4,0,0
BRDA:34,4,1,0
BRDA:36,5,0,5
BRDA:36,5,1,0
BRDA:48,6,0,0
BRDA:52,7,0,0
BRDA:52,7,1,3
BRDA:52,8,0,3
BRDA:52,8,1,3
BRDA:55,9,0,0
BRDA:55,9,1,3
BRDA:63,10,0,0
BRDA:70,11,0,0
BRDA:70,11,1,5
BRDA:71,12,0,0
BRDA:71,12,1,5
BRDA:80,13,0,1
BRDA:80,13,1,1
BRF:26
BRH:14
end_of_record
TN:
SF:kernel/src/jobs/idempotencyGc.ts
FN:9,buildThresholdIso
FN:15,runIdempotencyGcJob
FNF:2
FNH:2
FNDA:2,buildThresholdIso
FNDA:2,runIdempotencyGcJob
DA:1,1
DA:2,1
DA:10,2
DA:11,2
DA:12,2
DA:15,1
DA:16,2
DA:17,2
DA:19,2
DA:23,2
DA:24,2
DA:30,1
LF:12
LH:12
BRDA:15,0,0,0
BRDA:25,1,0,2
BRDA:25,1,1,0
BRDA:25,2,0,2
BRDA:25,2,1,2
BRF:5
BRH:3
end_of_record
TN:
SF:kernel/src/metrics/prometheus.ts
FN:48,buildRequestKey
FN:52,getOrCreateRequestMetrics
FN:70,observeHttpRequest
FN:88,incrementServerStart
FN:92,incrementReadinessSuccess
FN:96,incrementReadinessFailure
FN:100,incrementKmsProbeSuccess
FN:104,incrementKmsProbeFailure
FN:108,escapeLabelValue
FN:112,formatLabels
FN:113,(anonymous_10)
FN:117,estimateQuantile
FN:134,getMetrics
FN:202,getMetricsContentType
FN:206,resetMetrics
FNF:15
FNH:11
FNDA:19,buildRequestKey
FNDA:19,getOrCreateRequestMetrics
FNDA:19,observeHttpRequest
FNDA:0,incrementServerStart
FNDA:1,incrementReadinessSuccess
FNDA:0,incrementReadinessFailure
FNDA:0,incrementKmsProbeSuccess
FNDA:0,incrementKmsProbeFailure
FNDA:3,escapeLabelValue
FNDA:1,formatLabels
FNDA:3,(anonymous_10)
FNDA:4,estimateQuantile
FNDA:1,getMetrics
FNDA:1,getMetricsContentType
FNDA:1,resetMetrics
DA:24,13
DA:39,13
DA:41,13
DA:42,13
DA:43,13
DA:44,13
DA:45,13
DA:46,13
DA:49,19
DA:53,19
DA:54,19
DA:55,19
DA:56,16
DA:65,16
DA:67,19
DA:70,13
DA:71,19
DA:72,19
DA:73,19
DA:75,19
DA:76,19
DA:77,41
DA:78,19
DA:79,19
DA:83,19
DA:84,0
DA:88,13
DA:89,0
DA:92,13
DA:93,1
DA:96,13
DA:97,0
DA:100,13
DA:101,0
DA:104,13
DA:105,0
DA:109,3
DA:113,3
DA:114,1
DA:118,4
DA:119,4
DA:120,4
DA:121,4
DA:122,14
DA:123,14
DA:124,4
DA:125,4
DA:126,0
DA:128,4
DA:131,0
DA:134,13
DA:135,1
DA:137,1
DA:138,1
DA:139,1
DA:141,1
DA:142,1
DA:143,1
DA:145,1
DA:146,1
DA:147,1
DA:149,1
DA:150,1
DA:151,1
DA:153,1
DA:154,1
DA:155,1
DA:157,1
DA:158,1
DA:160,1
DA:161,1
DA:163,1
DA:164,1
DA:166,1
DA:167,1
DA:169,1
DA:170,1
DA:171,1
DA:177,1
DA:178,1
DA:180,1
DA:181,1
DA:182,12
DA:183,12
DA:184,12
DA:185,12
DA:187,1
DA:188,1
DA:190,1
DA:191,4
DA:192,4
DA:194,1
DA:195,1
DA:198,1
DA:199,1
DA:202,13
DA:203,1
DA:206,13
DA:207,1
DA:208,1
DA:209,1
DA:210,1
DA:211,1
DA:212,1
LF:104
LH:97
BRDA:55,0,0,16
BRDA:55,0,1,3
BRDA:75,1,0,0
BRDA:75,1,1,19
BRDA:77,2,0,19
BRDA:77,2,1,22
BRDA:83,3,0,0
BRDA:83,3,1,19
BRDA:118,4,0,0
BRDA:118,4,1,4
BRDA:123,5,0,4
BRDA:123,5,1,10
BRDA:125,6,0,0
BRDA:125,6,1,4
BRDA:184,7,0,11
BRDA:184,7,1,1
BRF:16
BRH:12
end_of_record
TN:
SF:kernel/src/middleware/auth.ts
FN:49,(anonymous_1)
FN:56,readConfigFile
FN:69,normalizeConfig
FN:82,loadOidcConfig
FN:117,getJwkResolver
FN:142,parseRoles
FN:144,(anonymous_7)
FN:147,(anonymous_8)
FN:153,(anonymous_9)
FN:155,(anonymous_10)
FN:167,(anonymous_11)
FN:177,rolesFromHeaders
FN:181,(anonymous_13)
FN:181,(anonymous_14)
FN:185,(anonymous_15)
FN:189,authenticateBearerToken
FN:201,(anonymous_17)
FN:216,isProduction
FN:220,getTlsSocket
FN:228,sanitizeAltName
FN:246,authenticateMutualTls
FN:294,(anonymous_22)
FN:321,parseLocalDevPrincipal
FN:358,(anonymous_24)
FN:362,(anonymous_25)
FN:378,authenticateRequest
FN:411,authMiddleware
FN:425,resetAuthCaches
FNF:28
FNH:19
FNDA:4,(anonymous_1)
FNDA:0,readConfigFile
FNDA:5,normalizeConfig
FNDA:11,loadOidcConfig
FNDA:6,getJwkResolver
FNDA:5,parseRoles
FNDA:5,(anonymous_7)
FNDA:5,(anonymous_8)
FNDA:0,(anonymous_9)
FNDA:0,(anonymous_10)
FNDA:0,(anonymous_11)
FNDA:5,rolesFromHeaders
FNDA:0,(anonymous_13)
FNDA:0,(anonymous_14)
FNDA:0,(anonymous_15)
FNDA:6,authenticateBearerToken
FNDA:0,(anonymous_17)
FNDA:4,isProduction
FNDA:12,getTlsSocket
FNDA:2,sanitizeAltName
FNDA:12,authenticateMutualTls
FNDA:2,(anonymous_22)
FNDA:3,parseLocalDevPrincipal
FNDA:0,(anonymous_24)
FNDA:2,(anonymous_25)
FNDA:12,authenticateRequest
FNDA:6,authMiddleware
FNDA:22,resetAuthCaches
DA:1,3
DA:2,3
DA:6,3
DA:7,3
DA:8,3
DA:39,3
DA:40,3
DA:42,3
DA:43,3
DA:45,3
DA:50,4
DA:51,4
DA:52,4
DA:57,0
DA:58,0
DA:59,0
DA:60,0
DA:61,0
DA:62,0
DA:64,0
DA:65,0
DA:70,5
DA:71,5
DA:72,5
DA:73,5
DA:74,5
DA:75,5
DA:76,0
DA:78,5
DA:79,5
DA:83,11
DA:85,5
DA:86,5
DA:87,5
DA:88,5
DA:89,5
DA:91,0
DA:95,0
DA:96,0
DA:97,0
DA:98,0
DA:99,0
DA:100,0
DA:102,0
DA:105,0
DA:106,0
DA:107,0
DA:108,0
DA:109,0
DA:110,0
DA:114,0
DA:118,6
DA:119,5
DA:121,5
DA:122,5
DA:123,5
DA:126,0
DA:127,0
DA:128,0
DA:129,0
DA:130,0
DA:131,0
DA:134,0
DA:135,0
DA:136,0
DA:139,0
DA:143,5
DA:144,5
DA:145,5
DA:146,5
DA:147,5
DA:148,5
DA:150,0
DA:151,0
DA:153,0
DA:155,0
DA:159,5
DA:160,5
DA:162,5
DA:163,5
DA:165,5
DA:166,5
DA:167,0
DA:168,0
DA:169,0
DA:174,5
DA:178,5
DA:179,5
DA:180,0
DA:181,0
DA:183,0
DA:185,0
DA:190,6
DA:191,6
DA:193,6
DA:198,5
DA:199,5
DA:200,5
DA:201,5
DA:203,5
DA:213,5
DA:217,4
DA:221,12
DA:222,12
DA:223,8
DA:224,3
DA:225,3
DA:229,2
DA:230,1
DA:231,1
DA:232,1
DA:233,1
DA:234,1
DA:235,1
DA:236,1
DA:237,1
DA:238,1
DA:239,0
DA:240,0
DA:243,0
DA:247,12
DA:248,12
DA:251,3
DA:252,3
DA:254,0
DA:259,0
DA:262,3
DA:263,3
DA:264,0
DA:265,0
DA:266,0
DA:268,0
DA:271,3
DA:272,3
DA:273,3
DA:274,1
DA:276,1
DA:281,1
DA:286,1
DA:289,2
DA:290,2
DA:291,2
DA:292,2
DA:293,2
DA:294,2
DA:295,2
DA:308,2
DA:309,2
DA:311,0
DA:316,0
DA:317,0
DA:322,3
DA:323,3
DA:325,1
DA:326,1
DA:328,1
DA:329,1
DA:330,1
DA:332,1
DA:335,1
DA:336,1
DA:337,0
DA:339,1
DA:340,1
DA:341,3
DA:342,3
DA:343,3
DA:344,3
DA:345,3
DA:347,1
DA:348,0
DA:352,1
DA:353,1
DA:354,1
DA:355,1
DA:356,1
DA:357,1
DA:358,0
DA:359,1
DA:360,1
DA:362,2
DA:366,1
DA:374,1
DA:375,1
DA:378,3
DA:379,12
DA:380,11
DA:382,9
DA:383,9
DA:384,6
DA:385,6
DA:386,0
DA:388,6
DA:389,6
DA:390,5
DA:395,5
DA:397,1
DA:401,1
DA:405,3
DA:406,3
DA:408,2
DA:411,3
DA:412,6
DA:413,6
DA:414,5
DA:415,5
DA:416,5
DA:418,1
DA:419,1
DA:421,0
DA:425,3
DA:426,22
DA:427,22
DA:439,3
LF:214
LH:152
BRDA:58,0,0,0
BRDA:58,0,1,0
BRDA:60,1,0,0
BRDA:60,1,1,0
BRDA:70,2,0,5
BRDA:70,2,1,0
BRDA:70,2,2,0
BRDA:71,3,0,5
BRDA:71,3,1,0
BRDA:71,3,2,0
BRDA:72,4,0,5
BRDA:72,4,1,5
BRDA:73,5,0,5
BRDA:73,5,1,5
BRDA:75,6,0,0
BRDA:75,6,1,5
BRDA:83,7,0,6
BRDA:83,7,1,5
BRDA:86,8,0,5
BRDA:86,8,1,0
BRDA:96,9,0,0
BRDA:96,9,1,0
BRDA:98,10,0,0
BRDA:98,10,1,0
BRDA:108,11,0,0
BRDA:108,11,1,0
BRDA:118,12,0,1
BRDA:118,12,1,5
BRDA:121,13,0,5
BRDA:121,13,1,0
BRDA:121,14,0,5
BRDA:121,14,1,5
BRDA:126,15,0,0
BRDA:126,15,1,0
BRDA:134,16,0,0
BRDA:134,16,1,0
BRDA:145,17,0,0
BRDA:145,17,1,5
BRDA:146,18,0,5
BRDA:146,18,1,0
BRDA:148,19,0,5
BRDA:148,19,1,0
BRDA:148,20,0,5
BRDA:148,20,1,5
BRDA:150,21,0,0
BRDA:150,21,1,0
BRDA:159,22,0,5
BRDA:159,22,1,0
BRDA:160,23,0,0
BRDA:160,23,1,5
BRDA:163,24,0,0
BRDA:163,24,1,5
BRDA:163,25,0,5
BRDA:163,25,1,0
BRDA:166,26,0,0
BRDA:166,26,1,5
BRDA:166,27,0,5
BRDA:166,27,1,0
BRDA:168,28,0,0
BRDA:168,28,1,0
BRDA:168,29,0,0
BRDA:168,29,1,0
BRDA:168,29,2,0
BRDA:178,30,0,5
BRDA:178,30,1,5
BRDA:179,31,0,5
BRDA:179,31,1,0
BRDA:180,32,0,0
BRDA:180,32,1,0
BRDA:198,33,0,5
BRDA:198,33,1,0
BRDA:198,33,2,0
BRDA:198,33,3,0
BRDA:217,34,0,4
BRDA:217,34,1,0
BRDA:221,35,0,12
BRDA:221,35,1,4
BRDA:222,36,0,4
BRDA:222,36,1,8
BRDA:223,37,0,5
BRDA:223,37,1,3
BRDA:224,38,0,0
BRDA:224,38,1,3
BRDA:229,39,0,1
BRDA:229,39,1,1
BRDA:234,40,0,0
BRDA:234,40,1,1
BRDA:236,41,0,1
BRDA:236,41,1,0
BRDA:238,42,0,1
BRDA:238,42,1,0
BRDA:239,43,0,0
BRDA:239,43,1,0
BRDA:248,44,0,9
BRDA:248,44,1,3
BRDA:262,45,0,3
BRDA:262,45,1,3
BRDA:263,46,0,0
BRDA:263,46,1,3
BRDA:264,47,0,0
BRDA:264,47,1,0
BRDA:271,48,0,3
BRDA:271,48,1,0
BRDA:273,49,0,1
BRDA:273,49,1,2
BRDA:273,50,0,3
BRDA:273,50,1,1
BRDA:274,51,0,1
BRDA:274,51,1,0
BRDA:276,52,0,1
BRDA:276,52,1,0
BRDA:278,53,0,0
BRDA:278,53,1,0
BRDA:284,54,0,1
BRDA:284,54,1,0
BRDA:291,55,0,2
BRDA:291,55,1,0
BRDA:291,55,2,0
BRDA:291,55,3,0
BRDA:291,56,0,0
BRDA:291,56,1,2
BRDA:291,57,0,2
BRDA:291,57,1,2
BRDA:291,58,0,0
BRDA:291,58,1,0
BRDA:291,59,0,0
BRDA:291,59,1,0
BRDA:292,60,0,2
BRDA:292,60,1,1
BRDA:292,60,2,1
BRDA:293,61,0,2
BRDA:293,61,1,0
BRDA:293,61,2,0
BRDA:293,61,3,0
BRDA:293,62,0,0
BRDA:293,62,1,2
BRDA:293,63,0,2
BRDA:293,63,1,2
BRDA:294,64,0,2
BRDA:294,64,1,0
BRDA:294,65,0,0
BRDA:294,65,1,2
BRDA:294,66,0,2
BRDA:294,66,1,2
BRDA:297,67,0,0
BRDA:297,67,1,2
BRDA:297,68,0,0
BRDA:297,68,1,2
BRDA:297,69,0,2
BRDA:297,69,1,2
BRDA:301,70,0,2
BRDA:301,70,1,0
BRDA:302,71,0,2
BRDA:302,71,1,1
BRDA:303,72,0,2
BRDA:303,72,1,0
BRDA:303,72,2,0
BRDA:304,73,0,2
BRDA:304,73,1,0
BRDA:305,74,0,2
BRDA:305,74,1,2
BRDA:314,75,0,0
BRDA:314,75,1,0
BRDA:314,76,0,0
BRDA:314,76,1,0
BRDA:314,77,0,0
BRDA:314,77,1,0
BRDA:314,78,0,0
BRDA:314,78,1,0
BRDA:314,79,0,0
BRDA:314,79,1,0
BRDA:316,80,0,0
BRDA:316,80,1,0
BRDA:323,81,0,2
BRDA:323,81,1,1
BRDA:323,82,0,3
BRDA:323,82,1,1
BRDA:325,83,0,0
BRDA:325,83,1,1
BRDA:326,84,0,0
BRDA:326,84,1,1
BRDA:326,85,0,1
BRDA:326,85,1,1
BRDA:336,86,0,0
BRDA:336,86,1,1
BRDA:336,87,0,1
BRDA:336,87,1,0
BRDA:342,88,0,0
BRDA:342,88,1,3
BRDA:344,89,0,0
BRDA:344,89,1,3
BRDA:347,90,0,0
BRDA:347,90,1,1
BRDA:352,91,0,1
BRDA:352,91,1,0
BRDA:352,91,2,0
BRDA:353,92,0,1
BRDA:353,92,1,0
BRDA:353,92,2,0
BRDA:354,93,0,0
BRDA:354,93,1,1
BRDA:357,94,0,0
BRDA:357,94,1,1
BRDA:359,95,0,1
BRDA:359,95,1,0
BRDA:380,96,0,2
BRDA:380,96,1,9
BRDA:382,97,0,9
BRDA:382,97,1,5
BRDA:383,98,0,6
BRDA:383,98,1,3
BRDA:383,99,0,9
BRDA:383,99,1,6
BRDA:385,100,0,0
BRDA:385,100,1,6
BRDA:406,101,0,1
BRDA:406,101,1,2
BRDA:418,102,0,1
BRDA:418,102,1,0
BRF:219
BRH:112
end_of_record
TN:
SF:kernel/src/middleware/errorHandler.ts
FN:14,mapStatus
FN:33,errorHandler
FNF:2
FNH:2
FNDA:2,mapStatus
FNDA:2,errorHandler
DA:2,1
DA:12,1
DA:15,2
DA:18,1
DA:21,0
DA:24,0
DA:27,0
DA:29,1
DA:33,1
DA:34,2
DA:35,2
DA:36,2
DA:38,2
DA:40,2
DA:46,2
DA:51,2
DA:52,0
DA:55,2
DA:56,2
DA:59,2
DA:62,1
LF:21
LH:17
BRDA:12,0,0,1
BRDA:12,0,1,0
BRDA:15,1,0,1
BRDA:15,1,1,1
BRDA:15,1,2,0
BRDA:15,1,3,0
BRDA:15,1,4,0
BRDA:15,1,5,0
BRDA:15,1,6,0
BRDA:15,1,7,0
BRDA:15,1,8,1
BRDA:15,2,0,2
BRDA:15,2,1,0
BRDA:29,3,0,0
BRDA:29,3,1,1
BRDA:29,4,0,1
BRDA:29,4,1,0
BRDA:34,5,0,2
BRDA:34,5,1,1
BRDA:34,5,2,0
BRDA:34,6,0,1
BRDA:34,6,1,0
BRDA:35,7,0,0
BRDA:35,7,1,2
BRDA:35,8,0,2
BRDA:35,8,1,2
BRDA:38,9,0,0
BRDA:38,9,1,2
BRDA:38,10,0,2
BRDA:38,10,1,2
BRDA:47,11,0,2
BRDA:47,11,1,0
BRDA:51,12,0,0
BRDA:51,12,1,2
BRDA:55,13,0,2
BRDA:55,13,1,0
BRDA:55,14,0,2
BRDA:55,14,1,2
BRF:38
BRH:21
end_of_record
TN:
SF:kernel/src/middleware/idempotency.ts
FN:21,stableStringify
FN:22,(anonymous_2)
FN:46,computeRequestHash
FN:62,parseStoredBody
FN:71,getLimit
FN:81,serializeBody
FN:101,normalizeResponseShape
FN:144,(anonymous_8)
FN:146,(anonymous_9)
FN:146,(anonymous_10)
FN:179,idempotencyMiddleware
FN:194,(anonymous_12)
FN:204,(anonymous_13)
FN:209,(anonymous_14)
FN:226,(anonymous_15)
FN:239,(anonymous_16)
FN:257,(anonymous_17)
FN:266,(anonymous_18)
FN:287,(anonymous_19)
FN:312,(anonymous_20)
FN:332,(anonymous_21)
FN:336,(anonymous_22)
FNF:22
FNH:13
FNDA:10,stableStringify
FNDA:28,(anonymous_2)
FNDA:10,computeRequestHash
FNDA:2,parseStoredBody
FNDA:7,getLimit
FNDA:7,serializeBody
FNDA:9,normalizeResponseShape
FNDA:9,(anonymous_8)
FNDA:0,(anonymous_9)
FNDA:0,(anonymous_10)
FNDA:10,idempotencyMiddleware
FNDA:0,(anonymous_12)
FNDA:0,(anonymous_13)
FNDA:10,(anonymous_14)
FNDA:0,(anonymous_15)
FNDA:0,(anonymous_16)
FNDA:0,(anonymous_17)
FNDA:14,(anonymous_18)
FNDA:0,(anonymous_19)
FNDA:0,(anonymous_20)
FNDA:7,(anonymous_21)
FNDA:7,(anonymous_22)
DA:3,13
DA:5,13
DA:6,13
DA:15,13
DA:16,13
DA:22,10
DA:23,28
DA:24,15
DA:26,13
DA:27,3
DA:29,10
DA:30,10
DA:31,17
DA:33,10
DA:36,10
DA:37,10
DA:39,0
DA:47,10
DA:48,10
DA:49,10
DA:63,2
DA:64,2
DA:65,2
DA:67,0
DA:72,7
DA:73,7
DA:74,7
DA:75,6
DA:77,1
DA:82,7
DA:83,7
DA:84,7
DA:85,7
DA:86,7
DA:87,7
DA:89,0
DA:102,9
DA:103,9
DA:106,9
DA:107,0
DA:108,0
DA:109,0
DA:114,9
DA:115,0
DA:116,0
DA:117,0
DA:118,0
DA:119,0
DA:127,9
DA:128,0
DA:129,0
DA:130,0
DA:131,0
DA:133,0
DA:134,0
DA:142,9
DA:143,9
DA:144,9
DA:145,9
DA:146,0
DA:147,0
DA:148,0
DA:149,0
DA:150,0
DA:152,0
DA:153,0
DA:160,9
DA:161,0
DA:167,9
DA:179,13
DA:180,10
DA:181,0
DA:184,10
DA:185,10
DA:186,0
DA:187,0
DA:190,10
DA:191,10
DA:192,10
DA:194,10
DA:195,0
DA:196,0
DA:198,0
DA:199,0
DA:200,0
DA:204,0
DA:205,0
DA:208,10
DA:209,10
DA:210,10
DA:211,10
DA:212,10
DA:215,10
DA:216,10
DA:217,10
DA:222,10
DA:223,3
DA:224,3
DA:225,3
DA:226,1
DA:227,1
DA:228,1
DA:229,1
DA:230,1
DA:233,2
DA:234,2
DA:237,2
DA:239,2
DA:240,2
DA:241,2
DA:242,2
DA:243,2
DA:247,7
DA:248,7
DA:253,7
DA:254,7
DA:255,7
DA:257,7
DA:258,0
DA:260,7
DA:262,7
DA:263,7
DA:264,7
DA:266,7
DA:267,14
DA:268,7
DA:272,7
DA:275,7
DA:276,0
DA:278,0
DA:284,7
DA:285,7
DA:287,1
DA:288,1
DA:289,1
DA:290,1
DA:291,1
DA:292,1
DA:293,1
DA:296,6
DA:301,6
DA:302,6
DA:306,6
DA:310,0
DA:311,0
DA:312,0
DA:317,0
DA:318,0
DA:319,0
DA:320,0
DA:321,0
DA:324,6
DA:325,6
DA:326,6
DA:327,6
DA:328,6
DA:332,7
DA:333,7
DA:336,7
DA:337,7
DA:340,7
DA:342,0
DA:343,0
DA:347,0
DA:348,0
DA:352,13
LF:166
LH:116
BRDA:23,0,0,15
BRDA:23,0,1,13
BRDA:23,1,0,28
BRDA:23,1,1,28
BRDA:26,2,0,3
BRDA:26,2,1,10
BRDA:47,3,0,10
BRDA:47,3,1,0
BRDA:47,4,0,10
BRDA:47,4,1,10
BRDA:48,5,0,10
BRDA:48,5,1,0
BRDA:63,6,0,0
BRDA:63,6,1,2
BRDA:73,7,0,1
BRDA:73,7,1,6
BRDA:74,8,0,6
BRDA:74,8,1,1
BRDA:74,9,0,7
BRDA:74,9,1,1
BRDA:82,10,0,0
BRDA:82,10,1,7
BRDA:83,11,0,0
BRDA:83,11,1,7
BRDA:84,12,0,0
BRDA:84,12,1,7
BRDA:85,13,0,0
BRDA:85,13,1,7
BRDA:103,14,0,0
BRDA:103,14,1,9
BRDA:103,15,0,9
BRDA:103,15,1,9
BRDA:106,16,0,0
BRDA:106,16,1,9
BRDA:114,17,0,0
BRDA:114,17,1,9
BRDA:116,18,0,0
BRDA:116,18,1,0
BRDA:116,19,0,0
BRDA:116,19,1,0
BRDA:127,20,0,0
BRDA:127,20,1,9
BRDA:129,21,0,0
BRDA:129,21,1,0
BRDA:129,22,0,0
BRDA:129,22,1,0
BRDA:130,23,0,0
BRDA:130,23,1,0
BRDA:130,24,0,0
BRDA:130,24,1,0
BRDA:133,25,0,0
BRDA:133,25,1,0
BRDA:133,26,0,0
BRDA:133,26,1,0
BRDA:142,27,0,9
BRDA:142,27,1,0
BRDA:142,28,0,9
BRDA:142,28,1,9
BRDA:144,29,0,9
BRDA:144,29,1,9
BRDA:145,30,0,0
BRDA:145,30,1,9
BRDA:148,31,0,0
BRDA:148,31,1,0
BRDA:148,32,0,0
BRDA:148,32,1,0
BRDA:149,33,0,0
BRDA:149,33,1,0
BRDA:149,34,0,0
BRDA:149,34,1,0
BRDA:152,35,0,0
BRDA:152,35,1,0
BRDA:152,36,0,0
BRDA:152,36,1,0
BRDA:160,37,0,0
BRDA:160,37,1,9
BRDA:160,38,0,9
BRDA:160,38,1,0
BRDA:160,38,2,0
BRDA:180,39,0,0
BRDA:180,39,1,10
BRDA:185,40,0,0
BRDA:185,40,1,10
BRDA:185,41,0,10
BRDA:185,41,1,10
BRDA:195,42,0,0
BRDA:195,42,1,0
BRDA:204,43,0,0
BRDA:204,43,1,0
BRDA:210,44,0,0
BRDA:210,44,1,10
BRDA:222,45,0,3
BRDA:222,45,1,7
BRDA:222,46,0,10
BRDA:222,46,1,3
BRDA:224,47,0,3
BRDA:224,47,1,0
BRDA:225,48,0,1
BRDA:225,48,1,2
BRDA:225,49,0,3
BRDA:225,49,1,3
BRDA:233,50,0,2
BRDA:233,50,1,0
BRDA:234,51,0,2
BRDA:234,51,1,0
BRDA:250,52,0,7
BRDA:250,52,1,0
BRDA:267,53,0,7
BRDA:267,53,1,7
BRDA:275,54,0,0
BRDA:275,54,1,7
BRDA:275,55,0,7
BRDA:275,55,1,7
BRDA:278,56,0,0
BRDA:278,56,1,0
BRDA:285,57,0,1
BRDA:285,57,1,6
BRDA:296,58,0,6
BRDA:296,58,1,0
BRDA:310,59,0,0
BRDA:310,59,1,0
BRDA:310,59,2,0
BRF:122
BRH:60
end_of_record
TN:
SF:kernel/src/middleware/rbac.ts
FN:22,normalizeRole
FN:28,hasRole
FN:32,(anonymous_2)
FN:35,hasAnyRole
FN:38,(anonymous_4)
FN:50,requireAuthenticated
FN:59,requireRoles
FN:60,(anonymous_7)
FN:87,enforceRoles
FNF:9
FNH:8
FNDA:97,normalizeRole
FNDA:50,hasRole
FNDA:47,(anonymous_2)
FNDA:5,hasAnyRole
FNDA:8,(anonymous_4)
FNDA:1,requireAuthenticated
FNDA:5,requireRoles
FNDA:5,(anonymous_7)
FNDA:0,enforceRoles
DA:2,25
DA:5,25
DA:22,25
DA:23,97
DA:24,97
DA:25,97
DA:28,25
DA:29,50
DA:30,50
DA:31,50
DA:32,47
DA:35,25
DA:36,5
DA:37,5
DA:38,8
DA:50,25
DA:51,1
DA:52,1
DA:53,1
DA:54,1
DA:56,0
DA:59,25
DA:60,5
DA:61,5
DA:62,5
DA:63,0
DA:68,0
DA:71,5
DA:72,2
DA:78,2
DA:83,3
DA:87,25
DA:88,0
DA:89,0
DA:91,0
DA:92,0
DA:96,25
LF:37
LH:30
BRDA:23,0,0,0
BRDA:23,0,1,97
BRDA:23,1,0,97
BRDA:23,1,1,97
BRDA:24,2,0,97
BRDA:24,2,1,0
BRDA:30,3,0,0
BRDA:30,3,1,50
BRDA:31,4,0,4
BRDA:31,4,1,46
BRDA:31,5,0,50
BRDA:31,5,1,48
BRDA:36,6,0,5
BRDA:36,6,1,0
BRDA:37,7,0,0
BRDA:37,7,1,5
BRDA:52,8,0,1
BRDA:52,8,1,0
BRDA:62,9,0,0
BRDA:62,9,1,5
BRDA:71,10,0,2
BRDA:71,10,1,3
BRDA:75,11,0,0
BRDA:75,11,1,2
BRDA:75,12,0,2
BRDA:75,12,1,2
BRDA:88,13,0,0
BRDA:88,13,1,0
BRDA:91,14,0,0
BRDA:91,14,1,0
BRF:30
BRH:18
end_of_record
TN:
SF:kernel/src/middleware/tracing.ts
FN:17,sanitizeTraceId
FN:27,tracingMiddleware
FN:34,(anonymous_3)
FN:39,getCurrentTraceId
FNF:4
FNH:4
FNDA:2,sanitizeTraceId
FNDA:2,tracingMiddleware
FNDA:2,(anonymous_3)
FNDA:52,getCurrentTraceId
DA:9,23
DA:10,23
DA:13,23
DA:15,23
DA:18,2
DA:19,1
DA:20,1
DA:21,1
DA:22,0
DA:24,1
DA:27,23
DA:28,2
DA:29,2
DA:31,2
DA:32,2
DA:34,2
DA:35,2
DA:39,23
DA:40,52
DA:43,23
LF:20
LH:19
BRDA:18,0,0,1
BRDA:18,0,1,1
BRDA:20,1,0,0
BRDA:20,1,1,1
BRDA:21,2,0,0
BRDA:21,2,1,1
BRDA:29,3,0,2
BRDA:29,3,1,1
BRDA:40,4,0,50
BRDA:40,4,1,2
BRDA:40,5,0,52
BRDA:40,5,1,52
BRF:12
BRH:10
end_of_record
TN:
SF:kernel/src/reasoning/client.ts
FN:26,(anonymous_1)
FN:39,redactString
FN:40,(anonymous_3)
FN:43,deepCloneRedact
FN:51,(anonymous_5)
FN:64,(anonymous_6)
FN:68,(anonymous_7)
FN:76,(anonymous_8)
FN:93,(anonymous_9)
FN:98,(anonymous_10)
FN:103,(anonymous_11)
FN:111,getReasoningClient
FN:119,setReasoningClient
FNF:13
FNH:6
FNDA:2,(anonymous_1)
FNDA:0,redactString
FNDA:0,(anonymous_3)
FNDA:0,deepCloneRedact
FNDA:0,(anonymous_5)
FNDA:1,(anonymous_6)
FNDA:2,(anonymous_7)
FNDA:2,(anonymous_8)
FNDA:0,(anonymous_9)
FNDA:0,(anonymous_10)
FNDA:2,(anonymous_11)
FNDA:2,getReasoningClient
FNDA:0,setReasoningClient
DA:9,12
DA:25,12
DA:26,2
DA:27,2
DA:28,2
DA:32,12
DA:40,0
DA:44,0
DA:45,0
DA:47,0
DA:48,0
DA:50,0
DA:51,0
DA:53,0
DA:54,0
DA:55,0
DA:56,0
DA:58,0
DA:60,0
DA:63,12
DA:64,1
DA:65,1
DA:69,2
DA:70,2
DA:71,0
DA:73,2
DA:77,2
DA:78,2
DA:79,2
DA:80,2
DA:82,0
DA:83,0
DA:84,0
DA:86,0
DA:87,0
DA:88,0
DA:90,0
DA:94,0
DA:98,0
DA:104,2
DA:105,0
DA:109,12
DA:111,12
DA:112,2
DA:113,1
DA:114,1
DA:116,2
DA:119,12
DA:120,0
LF:49
LH:24
BRDA:44,0,0,0
BRDA:44,0,1,0
BRDA:44,1,0,0
BRDA:44,1,1,0
BRDA:47,2,0,0
BRDA:47,2,1,0
BRDA:50,3,0,0
BRDA:50,3,1,0
BRDA:53,4,0,0
BRDA:53,4,1,0
BRDA:70,5,0,0
BRDA:70,5,1,2
BRDA:79,6,0,2
BRDA:79,6,1,0
BRDA:82,7,0,0
BRDA:82,7,1,0
BRDA:84,8,0,0
BRDA:84,8,1,0
BRDA:87,9,0,0
BRDA:87,9,1,0
BRDA:87,10,0,0
BRDA:87,10,1,0
BRDA:96,11,0,0
BRDA:96,11,1,0
BRDA:97,12,0,0
BRDA:97,12,1,0
BRDA:112,13,0,1
BRDA:112,13,1,1
BRDA:113,14,0,1
BRDA:113,14,1,1
BRF:30
BRH:6
end_of_record
TN:
SF:kernel/src/routes/adminRoutes.ts
FN:17,parseLimit
FN:27,createAdminRouter
FN:33,(anonymous_3)
FN:42,(anonymous_4)
FN:61,(anonymous_5)
FNF:5
FNH:4
FNDA:1,parseLimit
FNDA:2,createAdminRouter
FNDA:1,(anonymous_3)
FNDA:2,(anonymous_4)
FNDA:0,(anonymous_5)
DA:1,1
DA:2,1
DA:3,1
DA:4,1
DA:5,1
DA:18,1
DA:19,1
DA:20,1
DA:21,1
DA:24,0
DA:27,1
DA:28,2
DA:30,2
DA:34,1
DA:35,1
DA:36,1
DA:37,1
DA:41,1
DA:42,2
DA:51,1
DA:53,0
DA:58,2
DA:62,0
DA:63,0
DA:64,0
DA:66,0
DA:71,2
LF:27
LH:21
BRDA:18,0,0,1
BRDA:18,0,1,0
BRDA:18,1,0,1
BRDA:18,1,1,1
BRDA:20,2,0,1
BRDA:20,2,1,0
BRDA:20,3,0,1
BRDA:20,3,1,1
BRDA:47,4,0,1
BRDA:47,4,1,1
BRF:10
BRH:8
end_of_record
TN:
SF:kernel/src/routes/health.ts
FN:47,probeDatabase
FN:59,probeKms
FN:67,resolveSloMetadata
FN:75,buildHealthResponse
FN:77,(anonymous_13)
FN:97,readinessCheck
FN:101,(anonymous_15)
FN:123,createHealthRouter
FN:126,(anonymous_17)
FN:131,(anonymous_18)
FNF:10
FNH:5
FNDA:3,probeDatabase
FNDA:3,probeKms
FNDA:3,resolveSloMetadata
FNDA:3,buildHealthResponse
FNDA:3,(anonymous_13)
FNDA:0,readinessCheck
FNDA:0,(anonymous_15)
FNDA:0,createHealthRouter
FNDA:0,(anonymous_17)
FNDA:0,(anonymous_18)
DA:10,12
DA:11,12
DA:12,12
DA:18,12
DA:19,12
DA:37,12
DA:47,12
DA:48,3
DA:49,3
DA:50,3
DA:52,0
DA:59,12
DA:60,3
DA:61,3
DA:62,3
DA:64,0
DA:67,12
DA:68,3
DA:75,12
DA:77,6
DA:78,3
DA:79,3
DA:81,3
DA:97,12
DA:98,0
DA:101,0
DA:103,0
DA:104,0
DA:105,0
DA:106,0
DA:109,0
DA:110,0
DA:111,0
DA:112,0
DA:113,0
DA:114,0
DA:116,0
DA:119,0
DA:120,0
DA:123,12
DA:124,0
DA:126,0
DA:127,0
DA:128,0
DA:131,0
DA:132,0
DA:133,0
DA:134,0
DA:136,0
DA:139,0
DA:142,12
LF:51
LH:24
BRDA:38,0,0,12
BRDA:38,0,1,12
BRDA:39,1,0,12
BRDA:39,1,1,12
BRDA:40,2,0,12
BRDA:40,2,1,12
BRDA:47,3,0,3
BRDA:59,4,0,3
BRDA:61,5,0,3
BRDA:61,5,1,0
BRDA:69,6,0,3
BRDA:69,6,1,3
BRDA:70,7,0,3
BRDA:70,7,1,3
BRDA:71,8,0,3
BRDA:71,8,1,3
BRDA:87,9,0,3
BRDA:87,9,1,3
BRDA:104,10,0,0
BRDA:104,10,1,0
BRDA:109,11,0,0
BRDA:109,11,1,0
BRDA:109,12,0,0
BRDA:109,12,1,0
BRDA:111,13,0,0
BRDA:111,13,1,0
BRDA:133,14,0,0
BRDA:133,14,1,0
BRDA:134,15,0,0
BRDA:134,15,1,0
BRDA:134,16,0,0
BRDA:134,16,1,0
BRF:32
BRH:17
end_of_record
TN:
SF:kernel/src/routes/kernelRoutes.ts
FN:53,applyProductionGuards
FN:57,requireRolesInProduction
FN:61,requireAuthInProduction
FN:66,asJsonString
FN:82,resolveClient
FN:92,createKernelRouter
FN:95,(anonymous_7)
FN:101,(anonymous_8)
FN:111,(anonymous_9)
FN:144,(anonymous_10)
FN:219,(anonymous_11)
FN:235,(anonymous_12)
FN:330,(anonymous_13)
FN:345,(anonymous_14)
FN:376,(anonymous_15)
FN:448,(anonymous_16)
FN:468,(anonymous_17)
FN:506,(anonymous_18)
FN:587,(anonymous_19)
FN:612,(anonymous_20)
FN:627,(anonymous_21)
FN:656,(anonymous_22)
FN:677,(anonymous_23)
FN:700,(anonymous_24)
FN:705,(anonymous_25)
FN:710,(anonymous_26)
FNF:26
FNH:15
FNDA:160,applyProductionGuards
FNDA:48,requireRolesInProduction
FNDA:112,requireAuthInProduction
FNDA:10,asJsonString
FNDA:3,resolveClient
FNDA:16,createKernelRouter
FNDA:3,(anonymous_7)
FNDA:0,(anonymous_8)
FNDA:2,(anonymous_9)
FNDA:0,(anonymous_10)
FNDA:0,(anonymous_11)
FNDA:2,(anonymous_12)
FNDA:0,(anonymous_13)
FNDA:0,(anonymous_14)
FNDA:1,(anonymous_15)
FNDA:0,(anonymous_16)
FNDA:1,(anonymous_17)
FNDA:2,(anonymous_18)
FNDA:0,(anonymous_19)
FNDA:0,(anonymous_20)
FNDA:0,(anonymous_21)
FNDA:0,(anonymous_22)
FNDA:2,(anonymous_23)
FNDA:2,(anonymous_24)
FNDA:0,(anonymous_25)
FNDA:1,(anonymous_26)
DA:19,12
DA:20,12
DA:21,12
DA:22,12
DA:24,12
DA:25,12
DA:26,12
DA:27,12
DA:28,12
DA:30,12
DA:39,12
DA:40,12
DA:41,12
DA:46,12
DA:47,12
DA:49,12
DA:50,12
DA:51,12
DA:54,160
DA:58,48
DA:62,112
DA:67,10
DA:68,10
DA:69,10
DA:70,0
DA:71,0
DA:72,0
DA:73,0
DA:76,10
DA:78,0
DA:83,3
DA:84,3
DA:85,3
DA:87,0
DA:88,0
DA:92,12
DA:93,16
DA:95,16
DA:96,3
DA:97,3
DA:101,16
DA:102,0
DA:108,16
DA:112,2
DA:113,2
DA:115,2
DA:121,2
DA:122,2
DA:124,0
DA:125,0
DA:127,0
DA:128,0
DA:130,0
DA:135,16
DA:140,16
DA:145,0
DA:147,0
DA:148,0
DA:151,0
DA:152,0
DA:153,0
DA:154,0
DA:158,0
DA:159,0
DA:162,0
DA:163,0
DA:165,0
DA:166,0
DA:168,0
DA:171,0
DA:172,0
DA:173,0
DA:174,0
DA:175,0
DA:178,0
DA:180,0
DA:181,0
DA:195,0
DA:198,0
DA:199,0
DA:201,0
DA:204,0
DA:205,0
DA:206,0
DA:207,0
DA:210,0
DA:218,0
DA:219,0
DA:220,0
DA:222,0
DA:231,16
DA:236,2
DA:237,2
DA:242,2
DA:243,2
DA:245,1
DA:248,2
DA:250,2
DA:252,2
DA:253,2
DA:255,0
DA:256,0
DA:258,0
DA:261,2
DA:262,2
DA:263,2
DA:264,2
DA:265,0
DA:268,2
DA:270,2
DA:284,2
DA:301,2
DA:315,2
DA:316,0
DA:317,0
DA:318,0
DA:321,2
DA:322,2
DA:324,0
DA:327,2
DA:329,0
DA:330,0
DA:331,0
DA:333,0
DA:342,16
DA:346,0
DA:348,0
DA:349,0
DA:354,0
DA:355,0
DA:357,0
DA:372,16
DA:377,1
DA:380,1
DA:381,1
DA:382,1
DA:385,1
DA:386,1
DA:387,1
DA:389,1
DA:390,0
DA:394,1
DA:395,1
DA:398,1
DA:399,1
DA:400,1
DA:401,1
DA:402,1
DA:404,1
DA:409,1
DA:411,1
DA:412,0
DA:415,1
DA:416,1
DA:418,0
DA:421,1
DA:422,1
DA:426,0
DA:427,0
DA:429,0
DA:432,0
DA:433,0
DA:434,0
DA:435,0
DA:436,0
DA:438,0
DA:442,0
DA:443,0
DA:447,0
DA:448,0
DA:449,0
DA:451,0
DA:453,1
DA:454,0
DA:465,16
DA:469,1
DA:470,1
DA:472,1
DA:473,1
DA:474,1
DA:475,1
DA:477,1
DA:479,1
DA:480,1
DA:485,1
DA:486,1
DA:487,1
DA:489,0
DA:491,1
DA:493,0
DA:503,16
DA:507,2
DA:508,2
DA:510,2
DA:513,2
DA:522,2
DA:524,2
DA:525,2
DA:529,1
DA:530,1
DA:534,0
DA:538,1
DA:540,1
DA:541,1
DA:563,0
DA:566,1
DA:567,1
DA:569,0
DA:572,1
DA:574,0
DA:584,16
DA:588,0
DA:589,0
DA:591,0
DA:596,0
DA:598,0
DA:600,0
DA:601,0
DA:603,0
DA:607,0
DA:612,0
DA:614,0
DA:616,0
DA:624,16
DA:628,0
DA:629,0
DA:630,0
DA:635,0
DA:636,0
DA:638,0
DA:639,0
DA:641,0
DA:643,0
DA:645,0
DA:653,16
DA:657,0
DA:658,0
DA:659,0
DA:660,0
DA:661,0
DA:663,0
DA:674,16
DA:678,2
DA:679,2
DA:680,2
DA:681,2
DA:683,0
DA:684,0
DA:686,0
DA:689,0
DA:691,2
DA:692,2
DA:694,0
DA:699,16
DA:700,12
DA:701,2
DA:702,2
DA:705,12
DA:706,0
DA:707,0
DA:710,12
DA:711,1
DA:712,1
DA:716,16
LF:264
LH:138
BRDA:49,0,0,12
BRDA:49,0,1,0
BRDA:51,1,0,12
BRDA:51,1,1,12
BRDA:51,2,0,12
BRDA:51,2,1,12
BRDA:54,3,0,40
BRDA:54,3,1,120
BRDA:67,4,0,0
BRDA:67,4,1,10
BRDA:67,5,0,10
BRDA:67,5,1,10
BRDA:69,6,0,0
BRDA:69,6,1,10
BRDA:71,7,0,0
BRDA:71,7,1,0
BRDA:71,8,0,0
BRDA:71,8,1,0
BRDA:71,8,2,0
BRDA:71,8,3,0
BRDA:84,9,0,3
BRDA:84,9,1,0
BRDA:84,10,0,0
BRDA:84,10,1,3
BRDA:84,11,0,3
BRDA:84,11,1,3
BRDA:103,12,0,0
BRDA:103,12,1,0
BRDA:104,13,0,0
BRDA:104,13,1,0
BRDA:113,14,0,2
BRDA:113,14,1,0
BRDA:124,15,0,0
BRDA:124,15,1,0
BRDA:127,16,0,0
BRDA:127,16,1,0
BRDA:148,17,0,0
BRDA:148,17,1,0
BRDA:151,18,0,0
BRDA:151,18,1,0
BRDA:152,19,0,0
BRDA:152,19,1,0
BRDA:153,20,0,0
BRDA:153,20,1,0
BRDA:153,21,0,0
BRDA:153,21,1,0
BRDA:159,22,0,0
BRDA:159,22,1,0
BRDA:165,23,0,0
BRDA:165,23,1,0
BRDA:166,24,0,0
BRDA:166,24,1,0
BRDA:166,25,0,0
BRDA:166,25,1,0
BRDA:166,26,0,0
BRDA:166,26,1,0
BRDA:166,27,0,0
BRDA:166,27,1,0
BRDA:166,28,0,0
BRDA:166,28,1,0
BRDA:168,29,0,0
BRDA:168,29,1,0
BRDA:174,30,0,0
BRDA:174,30,1,0
BRDA:186,31,0,0
BRDA:186,31,1,0
BRDA:186,32,0,0
BRDA:186,32,1,0
BRDA:187,33,0,0
BRDA:187,33,1,0
BRDA:187,34,0,0
BRDA:187,34,1,0
BRDA:189,35,0,0
BRDA:189,35,1,0
BRDA:189,36,0,0
BRDA:189,36,1,0
BRDA:190,37,0,0
BRDA:190,37,1,0
BRDA:190,38,0,0
BRDA:190,38,1,0
BRDA:191,39,0,0
BRDA:191,39,1,0
BRDA:191,40,0,0
BRDA:191,40,1,0
BRDA:195,41,0,0
BRDA:195,41,1,0
BRDA:199,42,0,0
BRDA:199,42,1,0
BRDA:199,43,0,0
BRDA:199,43,1,0
BRDA:199,44,0,0
BRDA:199,44,1,0
BRDA:199,45,0,0
BRDA:199,45,1,0
BRDA:201,46,0,0
BRDA:201,46,1,0
BRDA:204,47,0,0
BRDA:204,47,1,0
BRDA:211,48,0,0
BRDA:211,48,1,0
BRDA:211,49,0,0
BRDA:211,49,1,0
BRDA:212,50,0,0
BRDA:212,50,1,0
BRDA:212,51,0,0
BRDA:212,51,1,0
BRDA:218,52,0,0
BRDA:218,52,1,0
BRDA:218,53,0,0
BRDA:218,53,1,0
BRDA:237,54,0,2
BRDA:237,54,1,2
BRDA:242,55,0,0
BRDA:242,55,1,2
BRDA:243,56,0,1
BRDA:243,56,1,1
BRDA:255,57,0,0
BRDA:255,57,1,0
BRDA:255,58,0,0
BRDA:255,58,1,0
BRDA:255,59,0,0
BRDA:255,59,1,0
BRDA:256,60,0,0
BRDA:256,60,1,0
BRDA:256,61,0,0
BRDA:256,61,1,0
BRDA:256,62,0,0
BRDA:256,62,1,0
BRDA:256,63,0,0
BRDA:256,63,1,0
BRDA:256,64,0,0
BRDA:256,64,1,0
BRDA:258,65,0,0
BRDA:258,65,1,0
BRDA:264,66,0,0
BRDA:264,66,1,2
BRDA:276,67,0,2
BRDA:276,67,1,0
BRDA:276,68,0,2
BRDA:276,68,1,2
BRDA:278,69,0,2
BRDA:278,69,1,0
BRDA:278,70,0,2
BRDA:278,70,1,2
BRDA:278,71,0,2
BRDA:278,71,1,0
BRDA:278,72,0,2
BRDA:278,72,1,2
BRDA:279,73,0,2
BRDA:279,73,1,0
BRDA:279,74,0,2
BRDA:279,74,1,2
BRDA:280,75,0,0
BRDA:280,75,1,2
BRDA:280,76,0,2
BRDA:280,76,1,0
BRDA:303,77,0,2
BRDA:303,77,1,0
BRDA:303,78,0,2
BRDA:303,78,1,2
BRDA:304,79,0,2
BRDA:304,79,1,0
BRDA:304,80,0,2
BRDA:304,80,1,2
BRDA:305,81,0,1
BRDA:305,81,1,1
BRDA:305,82,0,2
BRDA:305,82,1,2
BRDA:306,83,0,0
BRDA:306,83,1,2
BRDA:306,84,0,2
BRDA:306,84,1,2
BRDA:307,85,0,0
BRDA:307,85,1,2
BRDA:307,86,0,2
BRDA:307,86,1,2
BRDA:308,87,0,0
BRDA:308,87,1,2
BRDA:308,88,0,2
BRDA:308,88,1,2
BRDA:309,89,0,0
BRDA:309,89,1,2
BRDA:309,90,0,2
BRDA:309,90,1,2
BRDA:310,91,0,0
BRDA:310,91,1,2
BRDA:310,92,0,2
BRDA:310,92,1,2
BRDA:311,93,0,0
BRDA:311,93,1,2
BRDA:311,94,0,2
BRDA:311,94,1,2
BRDA:315,95,0,0
BRDA:315,95,1,2
BRDA:322,96,0,2
BRDA:322,96,1,0
BRDA:322,97,0,2
BRDA:322,97,1,2
BRDA:324,98,0,0
BRDA:324,98,1,0
BRDA:329,99,0,0
BRDA:329,99,1,0
BRDA:329,100,0,0
BRDA:329,100,1,0
BRDA:354,101,0,0
BRDA:354,101,1,0
BRDA:382,102,0,0
BRDA:382,102,1,1
BRDA:385,103,0,1
BRDA:385,103,1,0
BRDA:385,104,0,1
BRDA:385,104,1,1
BRDA:386,105,0,1
BRDA:386,105,1,0
BRDA:386,106,0,1
BRDA:386,106,1,1
BRDA:387,107,0,0
BRDA:387,107,1,1
BRDA:387,108,0,1
BRDA:387,108,1,1
BRDA:387,109,0,0
BRDA:387,109,1,1
BRDA:387,110,0,1
BRDA:387,110,1,1
BRDA:387,111,0,0
BRDA:387,111,1,1
BRDA:387,112,0,1
BRDA:387,112,1,1
BRDA:389,113,0,0
BRDA:389,113,1,1
BRDA:389,114,0,1
BRDA:389,114,1,1
BRDA:394,115,0,0
BRDA:394,115,1,1
BRDA:394,116,0,1
BRDA:394,116,1,0
BRDA:402,117,0,0
BRDA:402,117,1,1
BRDA:411,118,0,0
BRDA:411,118,1,1
BRDA:418,119,0,0
BRDA:418,119,1,0
BRDA:426,120,0,0
BRDA:426,120,1,0
BRDA:426,121,0,0
BRDA:426,121,1,0
BRDA:429,122,0,0
BRDA:429,122,1,0
BRDA:438,123,0,0
BRDA:438,123,1,0
BRDA:447,124,0,0
BRDA:447,124,1,0
BRDA:447,125,0,0
BRDA:447,125,1,0
BRDA:453,126,0,0
BRDA:453,126,1,1
BRDA:453,127,0,1
BRDA:453,127,1,0
BRDA:470,128,0,0
BRDA:470,128,1,1
BRDA:472,129,0,1
BRDA:472,129,1,0
BRDA:472,130,0,1
BRDA:472,130,1,1
BRDA:473,131,0,1
BRDA:473,131,1,0
BRDA:473,132,0,1
BRDA:473,132,1,1
BRDA:473,133,0,1
BRDA:473,133,1,0
BRDA:473,134,0,1
BRDA:473,134,1,1
BRDA:473,135,0,1
BRDA:473,135,1,0
BRDA:473,136,0,1
BRDA:473,136,1,1
BRDA:474,137,0,0
BRDA:474,137,1,1
BRDA:474,138,0,1
BRDA:474,138,1,1
BRDA:474,139,0,0
BRDA:474,139,1,1
BRDA:474,140,0,1
BRDA:474,140,1,1
BRDA:475,141,0,0
BRDA:475,141,1,1
BRDA:475,142,0,1
BRDA:475,142,1,1
BRDA:477,143,0,0
BRDA:477,143,1,1
BRDA:477,144,0,1
BRDA:477,144,1,1
BRDA:483,145,0,0
BRDA:483,145,1,1
BRDA:483,146,0,1
BRDA:483,146,1,0
BRDA:485,147,0,0
BRDA:485,147,1,1
BRDA:485,148,0,1
BRDA:485,148,1,1
BRDA:489,149,0,0
BRDA:489,149,1,0
BRDA:491,150,0,1
BRDA:491,150,1,0
BRDA:491,151,0,1
BRDA:491,151,1,1
BRDA:508,152,0,0
BRDA:508,152,1,2
BRDA:510,153,0,2
BRDA:510,153,1,2
BRDA:514,154,0,0
BRDA:514,154,1,2
BRDA:514,155,0,2
BRDA:514,155,1,2
BRDA:515,156,0,2
BRDA:515,156,1,0
BRDA:515,157,0,2
BRDA:515,157,1,2
BRDA:515,158,0,2
BRDA:515,158,1,0
BRDA:515,159,0,2
BRDA:515,159,1,2
BRDA:516,160,0,0
BRDA:516,160,1,2
BRDA:516,161,0,2
BRDA:516,161,1,2
BRDA:517,162,0,2
BRDA:517,162,1,0
BRDA:517,163,0,0
BRDA:517,163,1,0
BRDA:517,164,0,0
BRDA:517,164,1,0
BRDA:517,165,0,0
BRDA:517,165,1,0
BRDA:518,166,0,0
BRDA:518,166,1,2
BRDA:518,167,0,2
BRDA:518,167,1,2
BRDA:518,168,0,0
BRDA:518,168,1,2
BRDA:518,169,0,2
BRDA:518,169,1,2
BRDA:518,170,0,0
BRDA:518,170,1,2
BRDA:518,171,0,2
BRDA:518,171,1,2
BRDA:529,172,0,1
BRDA:529,172,1,0
BRDA:529,173,0,0
BRDA:529,173,1,1
[...]
BRDA:397,56,0,0
BRDA:397,56,1,0
BRDA:398,57,0,0
BRDA:398,57,1,0
BRDA:398,58,0,0
BRDA:398,58,1,0
BRDA:399,59,0,0
BRDA:399,59,1,0
BRDA:399,60,0,0
BRDA:399,60,1,0
BRDA:400,61,0,0
BRDA:400,61,1,0
BRDA:400,62,0,0
BRDA:400,62,1,0
BRDA:411,63,0,0
BRDA:411,63,1,0
BRDA:411,64,0,0
BRDA:411,64,1,0
BRDA:412,65,0,0
BRDA:412,65,1,0
BRDA:412,66,0,0
BRDA:412,66,1,0
BRDA:413,67,0,0
BRDA:413,67,1,0
BRDA:413,68,0,0
BRDA:413,68,1,0
BRDA:414,69,0,0
BRDA:414,69,1,0
BRDA:414,70,0,0
BRDA:414,70,1,0
BRDA:415,71,0,0
BRDA:415,71,1,0
BRDA:415,72,0,0
BRDA:415,72,1,0
BRDA:424,73,0,0
BRDA:424,73,1,1
BRDA:434,74,0,1
BRDA:434,74,1,0
BRDA:434,75,0,1
BRDA:434,75,1,1
BRDA:436,76,0,1
BRDA:436,76,1,0
BRDA:436,77,0,1
BRDA:436,77,1,1
BRDA:452,78,0,0
BRDA:452,78,1,5
BRDA:454,79,0,0
BRDA:454,79,1,5
BRDA:466,80,0,0
BRDA:466,80,1,3
BRDA:470,81,0,1
BRDA:470,81,1,2
BRDA:474,82,0,0
BRDA:474,82,1,3
BRDA:484,83,0,0
BRDA:484,83,1,3
BRDA:484,84,0,3
BRDA:484,84,1,0
BRDA:497,85,0,0
BRDA:497,85,1,2
BRDA:509,86,0,0
BRDA:509,86,1,1
BRDA:513,87,0,1
BRDA:513,87,1,0
BRDA:513,88,0,1
BRDA:513,88,1,1
BRDA:536,89,0,4
BRDA:536,89,1,4
BRDA:536,89,2,0
BRDA:537,90,0,4
BRDA:537,90,1,4
BRDA:537,90,2,0
BRDA:544,91,0,0
BRDA:544,91,1,0
BRDA:547,92,0,0
BRDA:547,92,1,4
BRDA:555,93,0,4
BRDA:555,93,1,0
BRDA:555,94,0,4
BRDA:555,94,1,4
BRDA:557,95,0,0
BRDA:557,95,1,4
BRDA:559,96,0,0
BRDA:559,96,1,0
BRDA:569,97,0,0
BRDA:569,97,1,0
BRDA:569,98,0,0
BRDA:569,98,1,0
BRDA:569,99,0,0
BRDA:569,99,1,0
BRDA:571,100,0,0
BRDA:571,100,1,4
BRDA:580,101,0,0
BRDA:580,101,1,4
BRDA:580,102,0,4
BRDA:580,102,1,0
BRDA:580,103,0,4
BRDA:580,103,1,4
BRDA:583,104,0,4
BRDA:583,104,1,0
BRDA:583,105,0,4
BRDA:583,105,1,4
BRDA:586,106,0,0
BRDA:586,106,1,4
BRDA:586,107,0,4
BRDA:586,107,1,0
BRDA:588,108,0,4
BRDA:588,108,1,0
BRDA:588,109,0,4
BRDA:588,109,1,4
BRDA:589,110,0,4
BRDA:589,110,1,0
BRDA:589,111,0,4
BRDA:589,111,1,4
BRDA:590,112,0,4
BRDA:590,112,1,0
BRDA:590,113,0,4
BRDA:590,113,1,4
BRDA:591,114,0,4
BRDA:591,114,1,0
BRDA:605,115,0,0
BRDA:605,115,1,1
BRDA:612,116,0,0
BRDA:612,116,1,0
BRDA:613,117,0,6
BRDA:613,117,1,2
BRDA:623,118,0,0
BRDA:623,118,1,0
BRDA:624,119,0,5
BRDA:624,119,1,0
BRDA:636,120,0,16
BRDA:636,120,1,65
BRDA:637,121,0,10
BRDA:637,121,1,55
BRDA:638,122,0,6
BRDA:638,122,1,49
BRDA:640,123,0,8
BRDA:640,123,1,41
BRDA:640,124,0,49
BRDA:640,124,1,29
BRDA:640,124,2,8
BRDA:643,125,0,0
BRDA:643,125,1,41
BRDA:643,126,0,41
BRDA:643,126,1,21
BRDA:643,126,2,0
BRDA:646,127,0,5
BRDA:646,127,1,36
BRDA:649,128,0,4
BRDA:649,128,1,32
BRDA:652,129,0,4
BRDA:652,129,1,28
BRDA:653,130,0,5
BRDA:653,130,1,23
BRDA:654,131,0,28
BRDA:654,131,1,5
BRDA:654,131,2,5
BRDA:660,132,0,8
BRDA:660,132,1,15
BRDA:661,133,0,23
BRDA:661,133,1,15
BRDA:661,133,2,8
BRDA:661,133,3,1
BRDA:666,134,0,1
BRDA:666,134,1,14
BRDA:666,135,0,15
BRDA:666,135,1,8
BRDA:666,135,2,1
BRDA:669,136,0,1
BRDA:669,136,1,13
BRDA:672,137,0,1
BRDA:672,137,1,12
BRDA:675,138,0,0
BRDA:675,138,1,12
BRDA:678,139,0,0
BRDA:678,139,1,12
BRDA:681,140,0,0
BRDA:681,140,1,12
BRDA:684,141,0,0
BRDA:684,141,1,12
BRDA:687,142,0,0
BRDA:687,142,1,12
BRDA:690,143,0,1
BRDA:690,143,1,11
BRDA:693,144,0,5
BRDA:693,144,1,6
BRDA:693,145,0,11
BRDA:693,145,1,7
BRDA:693,145,2,5
BRDA:696,146,0,3
BRDA:696,146,1,3
BRDA:699,147,0,2
BRDA:699,147,1,1
BRDA:702,148,0,1
BRDA:702,148,1,0
BRDA:702,149,0,1
BRDA:702,149,1,1
BRF:310
BRH:156
end_of_record
TN:
SF:kernel/test/utils/mockSupertest.ts
FN:27,isPromise
FN:31,resolveApp
FN:46,toBuffer
FN:55,buildUrl
FN:60,normalizeHeaders
FN:64,(anonymous_6)
FN:73,(anonymous_7)
FN:78,(anonymous_8)
FN:82,(anonymous_9)
FN:86,(anonymous_10)
FN:114,(anonymous_11)
FN:155,(anonymous_12)
FN:142,(anonymous_13)
FN:146,(anonymous_14)
FN:151,(anonymous_15)
FN:177,(anonymous_16)
FN:189,(anonymous_17)
FN:195,(anonymous_18)
FN:199,(anonymous_19)
FN:203,(anonymous_20)
FN:207,(anonymous_21)
FN:211,(anonymous_22)
FN:217,(anonymous_23)
FN:234,(anonymous_24)
FN:241,(anonymous_25)
FN:273,(anonymous_26)
FN:180,(anonymous_27)
FN:278,dispatch
FN:292,(anonymous_29)
FN:293,(anonymous_30)
FN:301,(anonymous_31)
FN:313,(anonymous_32)
FN:332,(anonymous_33)
FN:334,(anonymous_34)
FN:343,(anonymous_35)
FN:352,(anonymous_36)
FN:357,(anonymous_37)
FN:365,(anonymous_38)
FN:372,(anonymous_39)
FN:378,(anonymous_40)
FN:382,(anonymous_41)
FN:385,(anonymous_42)
FN:415,(anonymous_43)
FN:417,(anonymous_44)
FN:424,request
FNF:45
FNH:31
FNDA:61,isPromise
FNDA:122,resolveApp
FNDA:61,toBuffer
FNDA:61,buildUrl
FNDA:61,normalizeHeaders
FNDA:0,(anonymous_6)
FNDA:61,(anonymous_7)
FNDA:0,(anonymous_8)
FNDA:0,(anonymous_9)
FNDA:0,(anonymous_10)
FNDA:61,(anonymous_11)
FNDA:30,(anonymous_12)
FNDA:0,(anonymous_13)
FNDA:0,(anonymous_14)
FNDA:0,(anonymous_15)
FNDA:61,(anonymous_16)
FNDA:58,(anonymous_17)
FNDA:305,(anonymous_18)
FNDA:326,(anonymous_19)
FNDA:0,(anonymous_20)
FNDA:0,(anonymous_21)
FNDA:0,(anonymous_22)
FNDA:0,(anonymous_23)
FNDA:61,(anonymous_24)
FNDA:61,(anonymous_25)
FNDA:61,(anonymous_26)
FNDA:61,(anonymous_27)
FNDA:61,dispatch
FNDA:61,(anonymous_29)
FNDA:3,(anonymous_30)
FNDA:61,(anonymous_31)
FNDA:0,(anonymous_32)
FNDA:61,(anonymous_33)
FNDA:54,(anonymous_34)
FNDA:1,(anonymous_35)
FNDA:30,(anonymous_36)
FNDA:1,(anonymous_37)
FNDA:61,(anonymous_38)
FNDA:0,(anonymous_39)
FNDA:0,(anonymous_40)
FNDA:61,(anonymous_41)
FNDA:54,(anonymous_42)
FNDA:61,(anonymous_43)
FNDA:61,(anonymous_44)
FNDA:61,request
DA:1,17
DA:2,17
DA:3,17
DA:23,17
DA:25,17
DA:28,61
DA:32,122
DA:33,122
DA:34,0
DA:35,0
DA:36,0
DA:37,0
DA:38,0
DA:39,0
DA:41,0
DA:43,0
DA:47,61
DA:48,30
DA:49,30
DA:50,30
DA:52,0
DA:56,61
DA:57,1
DA:61,61
DA:62,61
DA:63,84
DA:64,0
DA:69,61
DA:70,61
DA:74,61
DA:75,61
DA:76,61
DA:79,0
DA:83,0
DA:87,0
DA:98,61
DA:99,61
DA:102,61
DA:103,61
DA:104,61
DA:105,61
DA:106,61
DA:108,61
DA:115,61
DA:116,61
DA:117,61
DA:118,61
DA:119,61
DA:120,61
DA:121,61
DA:122,61
DA:123,145
DA:124,0
DA:125,0
DA:126,0
DA:128,145
DA:129,145
DA:130,145
DA:133,61
DA:134,61
DA:135,30
DA:137,61
DA:138,61
DA:139,61
DA:143,0
DA:147,0
DA:148,0
DA:152,0
DA:155,61
DA:156,30
DA:157,30
DA:158,30
DA:160,30
DA:165,61
DA:166,61
DA:167,61
DA:168,61
DA:169,61
DA:170,61
DA:173,61
DA:174,61
DA:175,61
DA:178,61
DA:179,61
DA:180,61
DA:181,61
DA:182,61
DA:183,61
DA:184,61
DA:189,61
DA:190,58
DA:191,58
DA:192,58
DA:195,61
DA:196,305
DA:199,61
DA:200,326
DA:203,61
DA:204,0
DA:207,61
DA:208,0
DA:211,61
DA:212,0
DA:213,0
DA:214,0
DA:217,61
DA:222,0
DA:223,0
DA:224,0
DA:225,0
DA:226,0
DA:228,0
DA:229,0
DA:231,0
DA:234,61
DA:235,61
DA:236,61
DA:237,61
DA:238,61
DA:241,61
DA:242,61
DA:243,61
DA:244,61
DA:245,61
DA:247,61
DA:251,61
DA:252,61
DA:253,58
DA:254,58
DA:255,58
DA:257,0
DA:260,0
DA:263,61
DA:270,61
DA:273,61
DA:274,61
DA:279,61
DA:281,61
DA:282,0
DA:285,61
DA:286,61
DA:287,61
DA:288,61
DA:289,61
DA:290,61
DA:292,61
DA:293,61
DA:294,3
DA:295,0
DA:296,3
DA:297,3
DA:301,61
DA:302,61
DA:303,61
DA:305,0
DA:308,61
DA:310,61
DA:311,61
DA:312,61
DA:313,0
DA:314,0
DA:318,0
DA:324,61
DA:326,61
DA:328,61
DA:332,61
DA:335,54
DA:336,54
DA:337,54
DA:339,0
DA:340,0
DA:344,1
DA:345,0
DA:347,1
DA:349,1
DA:353,30
DA:354,30
DA:358,1
DA:359,1
DA:360,0
DA:362,1
DA:369,61
DA:375,0
DA:379,0
DA:383,61
DA:384,61
DA:385,61
DA:386,61
DA:388,30
DA:391,30
DA:393,61
DA:394,61
DA:402,61
DA:403,0
DA:406,61
DA:407,0
DA:410,61
DA:415,61
DA:416,61
DA:417,427
DA:424,17
DA:425,61
DA:426,61
LF:203
LH:154
BRDA:28,0,0,61
BRDA:28,0,1,0
BRDA:32,1,0,0
BRDA:32,1,1,122
BRDA:33,2,0,122
BRDA:33,2,1,0
BRDA:33,3,0,122
BRDA:33,3,1,122
BRDA:33,3,2,0
BRDA:34,4,0,0
BRDA:34,4,1,0
BRDA:34,5,0,0
BRDA:34,5,1,0
BRDA:35,6,0,0
BRDA:35,6,1,0
BRDA:36,7,0,0
BRDA:36,7,1,0
BRDA:38,8,0,0
BRDA:38,8,1,0
BRDA:47,9,0,31
BRDA:47,9,1,30
BRDA:47,10,0,61
BRDA:47,10,1,30
BRDA:48,11,0,0
BRDA:48,11,1,30
BRDA:49,12,0,30
BRDA:49,12,1,0
BRDA:56,13,0,60
BRDA:56,13,1,1
BRDA:57,14,0,0
BRDA:57,14,1,1
BRDA:63,15,0,0
BRDA:63,15,1,84
BRDA:64,16,0,0
BRDA:64,16,1,0
BRDA:65,17,0,0
BRDA:65,17,1,84
BRDA:69,18,0,61
BRDA:69,18,1,0
BRDA:156,19,0,30
BRDA:156,19,1,0
BRDA:123,20,0,0
BRDA:123,20,1,145
BRDA:128,21,0,145
BRDA:128,21,1,0
BRDA:134,22,0,30
BRDA:134,22,1,31
BRDA:139,23,0,1
BRDA:139,23,1,60
BRDA:147,24,0,0
BRDA:147,24,1,0
BRDA:190,25,0,58
BRDA:190,25,1,0
BRDA:212,26,0,0
BRDA:212,26,1,0
BRDA:223,27,0,0
BRDA:223,27,1,0
BRDA:225,28,0,0
BRDA:225,28,1,0
BRDA:228,29,0,0
BRDA:228,29,1,0
BRDA:235,30,0,0
BRDA:235,30,1,61
BRDA:242,31,0,0
BRDA:242,31,1,61
BRDA:247,32,0,61
BRDA:247,32,1,3
BRDA:247,32,2,3
BRDA:252,33,0,58
BRDA:252,33,1,3
BRDA:253,34,0,58
BRDA:253,34,1,0
BRDA:274,35,0,61
BRDA:274,35,1,0
BRDA:274,36,0,61
BRDA:274,36,1,61
BRDA:183,37,0,61
BRDA:183,37,1,0
BRDA:281,38,0,0
BRDA:281,38,1,61
BRDA:281,39,0,61
BRDA:281,39,1,61
BRDA:294,40,0,0
BRDA:294,40,1,3
BRDA:296,41,0,3
BRDA:296,41,1,0
BRDA:312,42,0,0
BRDA:312,42,1,61
BRDA:314,43,0,0
BRDA:314,43,1,0
BRDA:335,44,0,54
BRDA:335,44,1,0
BRDA:336,45,0,54
BRDA:336,45,1,0
BRDA:336,46,0,54
BRDA:336,46,1,54
BRDA:344,47,0,0
BRDA:344,47,1,1
BRDA:359,48,0,0
BRDA:359,48,1,1
BRDA:379,49,0,0
BRDA:379,49,1,0
BRDA:379,50,0,0
BRDA:379,50,1,0
BRDA:386,51,0,30
BRDA:386,51,1,31
BRDA:386,52,0,61
BRDA:386,52,1,30
BRDA:388,53,0,30
BRDA:388,53,1,0
BRDA:388,54,0,30
BRDA:388,54,1,30
BRDA:402,55,0,0
BRDA:402,55,1,61
BRDA:402,56,0,61
BRDA:402,56,1,1
BRDA:406,57,0,0
BRDA:406,57,1,61
BRF:118
BRH:60
end_of_record
TN:
SF:kernel/test/utils/testApp.ts
FN:13,loadServer
FN:43,pickAppFromServer
FN:53,pickCreators
FN:65,createAppSync
FN:85,createApp
FN:110,resolveExpressApp
FN:128,getExpressAppForTests
FNF:7
FNH:7
FNDA:4,loadServer
FNDA:4,pickAppFromServer
FNDA:4,pickCreators
FNDA:4,createAppSync
FNDA:4,createApp
FNDA:2,resolveExpressApp
FNDA:2,getExpressAppForTests
DA:15,4
DA:16,4
DA:20,4
DA:22,4
DA:23,4
DA:25,4
DA:27,0
DA:31,0
DA:38,4
DA:44,4
DA:46,4
DA:47,4
DA:48,4
DA:49,4
DA:54,4
DA:62,4
DA:63,4
DA:65,4
DA:67,4
DA:69,4
DA:71,4
DA:72,4
DA:74,4
DA:76,4
DA:78,0
DA:81,0
DA:82,0
DA:85,4
DA:86,4
DA:87,4
DA:88,4
DA:90,0
DA:91,0
DA:93,0
DA:94,0
DA:95,0
DA:99,4
DA:102,4
DA:108,4
DA:111,2
DA:112,2
DA:113,0
DA:114,0
DA:115,0
DA:117,0
DA:118,0
DA:119,0
DA:120,0
DA:122,0
DA:123,0
DA:125,0
DA:128,4
DA:130,2
DA:131,2
DA:135,2
DA:136,2
DA:138,2
DA:139,0
DA:141,2
DA:142,2
DA:143,0
DA:145,2
LF:62
LH:40
BRDA:16,0,0,4
BRDA:16,0,1,0
BRDA:44,1,0,0
BRDA:44,1,1,4
BRDA:46,2,0,0
BRDA:46,2,1,4
BRDA:46,3,0,4
BRDA:46,3,1,0
BRDA:46,3,2,0
BRDA:47,4,0,0
BRDA:47,4,1,4
BRDA:47,5,0,4
BRDA:47,5,1,0
BRDA:47,5,2,0
BRDA:47,5,3,0
BRDA:48,6,0,0
BRDA:48,6,1,4
BRDA:48,7,0,4
BRDA:48,7,1,0
BRDA:48,7,2,0
BRDA:48,7,3,0
BRDA:55,8,0,0
BRDA:55,8,1,4
BRDA:55,9,0,0
BRDA:55,9,1,4
BRDA:55,10,0,4
BRDA:55,10,1,0
BRDA:56,11,0,4
BRDA:56,11,1,0
BRDA:56,12,0,0
BRDA:56,12,1,0
BRDA:56,13,0,0
BRDA:56,13,1,0
BRDA:63,14,0,4
BRDA:63,14,1,4
BRDA:63,15,0,0
BRDA:63,15,1,4
BRDA:67,16,0,0
BRDA:67,16,1,4
BRDA:69,17,0,0
BRDA:69,17,1,4
BRDA:71,18,0,4
BRDA:71,18,1,0
BRDA:74,19,0,4
BRDA:74,19,1,0
BRDA:78,20,0,0
BRDA:78,20,1,0
BRDA:78,20,2,0
BRDA:78,20,3,0
BRDA:81,21,0,0
BRDA:81,21,1,0
BRDA:81,22,0,0
BRDA:81,22,1,0
BRDA:81,22,2,0
BRDA:81,22,3,0
BRDA:81,23,0,0
BRDA:81,23,1,0
BRDA:86,24,0,4
BRDA:86,24,1,0
BRDA:88,25,0,4
BRDA:88,25,1,4
BRDA:88,26,0,0
BRDA:88,26,1,4
BRDA:88,27,0,4
BRDA:88,27,1,4
BRDA:90,28,0,0
BRDA:90,28,1,0
BRDA:93,29,0,0
BRDA:93,29,1,0
BRDA:94,30,0,0
BRDA:94,30,1,0
BRDA:94,31,0,0
BRDA:94,31,1,0
BRDA:94,31,2,0
BRDA:94,31,3,0
BRDA:94,32,0,0
BRDA:94,32,1,0
BRDA:99,33,0,4
BRDA:99,33,1,4
BRDA:111,34,0,0
BRDA:111,34,1,2
BRDA:112,35,0,2
BRDA:112,35,1,0
BRDA:112,36,0,2
BRDA:112,36,1,2
BRDA:112,36,2,0
BRDA:113,37,0,0
BRDA:113,37,1,0
BRDA:113,38,0,0
BRDA:113,38,1,0
BRDA:113,38,2,0
BRDA:113,38,3,0
BRDA:114,39,0,0
BRDA:114,39,1,0
BRDA:114,40,0,0
BRDA:114,40,1,0
BRDA:117,41,0,0
BRDA:117,41,1,0
BRDA:119,42,0,0
BRDA:119,42,1,0
BRDA:119,43,0,0
BRDA:119,43,1,0
BRDA:122,44,0,0
BRDA:122,44,1,0
BRDA:122,45,0,0
BRDA:122,45,1,0
BRDA:122,45,2,0
BRDA:135,46,0,2
BRDA:135,46,1,0
BRDA:138,47,0,0
BRDA:138,47,1,2
BRDA:138,48,0,2
BRDA:138,48,1,0
BRDA:142,49,0,0
BRDA:142,49,1,2
BRDA:142,50,0,2
BRDA:142,50,1,2
BRF:117
BRH:37
end_of_record
TN:
SF:kernel/tools/audit-verify.js
FN:31,log
FN:35,err
FN:51,normalizeCanonicalInput
FN:60,canonicalize
FN:77,normalizeAlgorithm
FN:87,chunkBase64
FN:91,derToPem
FN:96,normalizePublicKey
FN:138,parseSignerRegistry
FN:147,(anonymous_9)
FN:154,(anonymous_10)
FN:168,(anonymous_11)
FN:206,createKeyObject
FN:240,detectSigFormat
FN:246,decodeSignature
FN:256,toDigestBuffer
FN:277,hexToBuffer
FN:285,computeHashParts
FN:298,verifyEvents
FN:400,fetchEvents
FN:427,verifyAuditChain
FN:443,(anonymous_21)
FN:451,parseArgs
FN:479,loadSignerMap
FN:494,main
FN:525,(anonymous_25)
FNF:26
FNH:16
FNDA:0,log
FNDA:0,err
FNDA:31,normalizeCanonicalInput
FNDA:31,canonicalize
FNDA:7,normalizeAlgorithm
FNDA:4,chunkBase64
FNDA:4,derToPem
FNDA:8,normalizePublicKey
FNDA:6,parseSignerRegistry
FNDA:0,(anonymous_9)
FNDA:2,(anonymous_10)
FNDA:8,(anonymous_11)
FNDA:7,createKeyObject
FNDA:13,detectSigFormat
FNDA:13,decodeSignature
FNDA:13,toDigestBuffer
FNDA:8,hexToBuffer
FNDA:15,computeHashParts
FNDA:8,verifyEvents
FNDA:0,fetchEvents
FNDA:0,verifyAuditChain
FNDA:0,(anonymous_21)
FNDA:0,parseArgs
FNDA:0,loadSignerMap
FNDA:0,main
FNDA:0,(anonymous_25)
DA:15,2
DA:16,2
DA:17,2
DA:18,2
DA:19,2
DA:21,2
DA:23,2
DA:27,2
DA:28,2
DA:29,2
DA:32,0
DA:36,0
DA:43,2
DA:47,2
DA:48,0
DA:52,31
DA:53,31
DA:54,31
DA:61,31
DA:62,31
DA:63,31
DA:64,0
DA:66,31
DA:78,7
DA:79,4
DA:80,4
DA:81,4
DA:82,2
DA:83,1
DA:84,0
DA:88,4
DA:92,4
DA:93,4
DA:97,8
DA:98,0
DA:100,8
DA:101,8
DA:102,0
DA:104,8
DA:105,3
DA:107,5
DA:108,5
DA:109,1
DA:112,4
DA:113,4
DA:115,0
DA:117,4
DA:118,0
DA:120,4
DA:121,4
DA:122,4
DA:124,0
DA:125,0
DA:127,0
DA:139,6
DA:140,0
DA:143,6
DA:144,6
DA:145,3
DA:146,3
DA:147,0
DA:148,0
DA:149,0
DA:151,3
DA:152,2
DA:154,1
DA:155,2
DA:156,2
DA:157,1
DA:159,1
DA:163,6
DA:164,0
DA:167,6
DA:168,6
DA:169,8
DA:170,8
DA:171,8
DA:172,0
DA:174,8
DA:177,8
DA:186,8
DA:187,0
DA:189,8
DA:191,7
DA:192,7
DA:195,5
DA:196,0
DA:199,5
DA:207,7
DA:208,0
DA:210,7
DA:211,7
DA:212,2
DA:215,5
DA:217,5
DA:218,5
DA:220,0
DA:222,5
DA:223,0
DA:225,5
DA:226,5
DA:227,5
DA:229,0
DA:230,0
DA:232,0
DA:241,13
DA:242,13
DA:243,13
DA:247,13
DA:248,13
DA:249,13
DA:250,13
DA:252,0
DA:257,13
DA:258,1
DA:259,1
DA:260,1
DA:261,1
DA:262,0
DA:264,1
DA:266,0
DA:267,0
DA:269,0
DA:270,0
DA:271,0
DA:274,0
DA:278,8
DA:279,8
DA:280,0
DA:282,8
DA:286,15
DA:287,15
DA:288,15
DA:289,15
DA:290,15
DA:299,8
DA:300,8
DA:302,8
DA:303,8
DA:304,8
DA:306,8
DA:307,16
DA:308,16
DA:309,16
DA:310,16
DA:311,16
DA:313,15
DA:314,15
DA:315,0
DA:317,15
DA:319,15
DA:320,15
DA:322,15
DA:324,15
DA:325,1
DA:327,14
DA:328,1
DA:331,13
DA:332,13
DA:333,7
DA:334,7
DA:337,13
DA:338,13
DA:340,13
DA:341,13
DA:342,9
DA:343,9
DA:344,0
DA:348,13
DA:355,13
DA:357,13
DA:358,11
DA:359,11
DA:360,2
DA:361,2
DA:362,2
DA:363,2
DA:370,0
DA:372,2
DA:373,2
DA:374,2
DA:381,0
DA:384,2
DA:386,0
DA:389,12
DA:390,12
DA:393,4
DA:401,0
DA:402,0
DA:404,0
DA:405,0
DA:406,0
DA:409,0
DA:413,0
DA:414,0
DA:416,0
DA:418,0
DA:419,0
DA:420,0
DA:423,0
DA:424,0
DA:428,0
DA:429,0
DA:432,0
DA:433,0
DA:434,0
DA:435,0
DA:436,0
DA:437,0
DA:438,0
DA:440,0
DA:441,0
DA:443,0
DA:452,0
DA:453,0
DA:460,0
DA:461,0
DA:462,0
DA:463,0
DA:464,0
DA:465,0
DA:466,0
DA:467,0
DA:468,0
DA:469,0
DA:470,0
DA:471,0
DA:472,0
DA:476,0
DA:480,0
DA:481,0
DA:482,0
DA:484,0
DA:486,0
DA:487,0
DA:489,0
DA:491,0
DA:495,0
DA:497,0
DA:498,0
DA:500,0
DA:501,0
DA:502,0
DA:505,0
DA:506,0
DA:512,0
DA:513,0
DA:515,0
DA:518,0
DA:519,0
DA:520,0
DA:524,2
DA:525,0
DA:526,0
DA:527,0
DA:531,2
LF:256
LH:149
BRDA:23,0,0,2
BRDA:23,0,1,2
BRDA:23,0,2,2
BRDA:43,1,0,2
BRDA:43,1,1,0
BRDA:43,2,0,2
BRDA:43,2,1,2
BRDA:47,3,0,0
BRDA:47,3,1,2
BRDA:52,4,0,0
BRDA:52,4,1,31
BRDA:53,5,0,0
BRDA:53,5,1,31
BRDA:63,6,0,0
BRDA:63,6,1,31
BRDA:78,7,0,3
BRDA:78,7,1,4
BRDA:78,8,0,7
BRDA:78,8,1,3
BRDA:80,9,0,0
BRDA:80,9,1,4
BRDA:81,10,0,2
BRDA:81,10,1,2
BRDA:82,11,0,1
BRDA:82,11,1,1
BRDA:83,12,0,1
BRDA:83,12,1,0
BRDA:83,13,0,1
BRDA:83,13,1,1
BRDA:83,13,2,0
BRDA:83,13,3,0
BRDA:88,14,0,4
BRDA:88,14,1,0
BRDA:88,15,0,0
BRDA:88,15,1,4
BRDA:88,16,0,4
BRDA:88,16,1,4
BRDA:97,17,0,0
BRDA:97,17,1,8
BRDA:101,18,0,0
BRDA:101,18,1,8
BRDA:104,19,0,3
BRDA:104,19,1,5
BRDA:108,20,0,1
BRDA:108,20,1,4
BRDA:117,21,0,0
BRDA:117,21,1,4
BRDA:120,22,0,4
BRDA:120,22,1,0
BRDA:124,23,0,0
BRDA:124,23,1,0
BRDA:139,24,0,0
BRDA:139,24,1,6
BRDA:139,25,0,6
BRDA:139,25,1,6
BRDA:139,25,2,0
BRDA:144,26,0,3
BRDA:144,26,1,3
BRDA:146,27,0,0
BRDA:146,27,1,3
BRDA:148,28,0,0
BRDA:148,28,1,0
BRDA:149,29,0,0
BRDA:149,29,1,0
BRDA:151,30,0,2
BRDA:151,30,1,1
BRDA:156,31,0,1
BRDA:156,31,1,1
BRDA:159,32,0,1
BRDA:159,32,1,0
BRDA:163,33,0,0
BRDA:163,33,1,6
BRDA:169,34,0,0
BRDA:169,34,1,8
BRDA:170,35,0,8
BRDA:170,35,1,1
BRDA:170,35,2,0
BRDA:170,35,3,0
BRDA:171,36,0,0
BRDA:171,36,1,8
BRDA:171,37,0,8
BRDA:171,37,1,0
BRDA:177,38,0,8
BRDA:177,38,1,1
BRDA:177,38,2,0
BRDA:177,38,3,0
BRDA:177,38,4,0
BRDA:177,38,5,0
BRDA:177,38,6,0
BRDA:177,38,7,0
BRDA:177,38,8,0
BRDA:186,39,0,0
BRDA:186,39,1,8
BRDA:191,40,0,7
BRDA:191,40,1,3
BRDA:195,41,0,0
BRDA:195,41,1,5
BRDA:207,42,0,0
BRDA:207,42,1,7
BRDA:211,43,0,2
BRDA:211,43,1,5
BRDA:222,44,0,0
BRDA:222,44,1,5
BRDA:225,45,0,5
BRDA:225,45,1,0
BRDA:232,46,0,0
BRDA:232,46,1,0
BRDA:241,47,0,0
BRDA:241,47,1,13
BRDA:242,48,0,0
BRDA:242,48,1,13
BRDA:247,49,0,0
BRDA:247,49,1,13
BRDA:256,50,0,0
BRDA:257,51,0,12
BRDA:257,51,1,1
BRDA:258,52,0,1
BRDA:258,52,1,0
BRDA:260,53,0,0
BRDA:260,53,1,1
BRDA:261,54,0,0
BRDA:261,54,1,1
BRDA:261,55,0,1
BRDA:261,55,1,1
BRDA:266,56,0,0
BRDA:266,56,1,0
BRDA:269,57,0,0
BRDA:269,57,1,0
BRDA:269,58,0,0
BRDA:269,58,1,0
BRDA:270,59,0,0
BRDA:270,59,1,0
BRDA:270,60,0,0
BRDA:270,60,1,0
BRDA:278,61,0,0
BRDA:278,61,1,8
BRDA:279,62,0,0
BRDA:279,62,1,8
BRDA:279,63,0,8
BRDA:279,63,1,8
BRDA:280,64,0,0
BRDA:280,64,1,0
BRDA:286,65,0,15
BRDA:286,65,1,0
BRDA:286,66,0,15
BRDA:286,66,1,15
BRDA:287,67,0,8
BRDA:287,67,1,7
BRDA:299,68,0,0
BRDA:299,68,1,8
BRDA:300,69,0,0
BRDA:300,69,1,8
BRDA:300,70,0,8
BRDA:300,70,1,8
BRDA:307,71,0,16
BRDA:307,71,1,0
BRDA:307,72,0,16
BRDA:307,72,1,16
BRDA:307,72,2,0
BRDA:307,72,3,0
BRDA:307,73,0,16
BRDA:307,73,1,0
BRDA:307,73,2,0
BRDA:308,74,0,16
BRDA:308,74,1,12
BRDA:308,74,2,0
BRDA:308,74,3,0
BRDA:309,75,0,0
BRDA:309,75,1,16
BRDA:311,76,0,1
BRDA:311,76,1,15
BRDA:314,77,0,0
BRDA:314,77,1,15
BRDA:317,78,0,0
BRDA:317,78,1,15
BRDA:319,79,0,15
BRDA:319,79,1,7
BRDA:319,79,2,7
BRDA:320,80,0,15
BRDA:320,80,1,4
BRDA:320,80,2,4
BRDA:324,81,0,1
BRDA:324,81,1,14
BRDA:324,82,0,15
BRDA:324,82,1,8
BRDA:327,83,0,1
BRDA:327,83,1,13
BRDA:327,84,0,14
BRDA:327,84,1,10
BRDA:332,85,0,7
BRDA:332,85,1,6
BRDA:338,86,0,0
BRDA:338,86,1,13
BRDA:341,87,0,9
BRDA:341,87,1,4
BRDA:341,88,0,13
BRDA:341,88,1,9
BRDA:343,89,0,9
BRDA:343,89,1,0
BRDA:344,90,0,0
BRDA:344,90,1,0
BRDA:348,91,0,2
BRDA:348,91,1,11
BRDA:348,92,0,13
BRDA:348,92,1,13
BRDA:348,93,0,2
BRDA:348,93,1,11
BRDA:348,94,0,13
BRDA:348,94,1,13
BRDA:348,95,0,2
BRDA:348,95,1,11
BRDA:348,96,0,13
BRDA:348,96,1,13
BRDA:348,97,0,2
BRDA:348,97,1,11
BRDA:348,98,0,13
BRDA:348,98,1,13
BRDA:348,99,0,2
BRDA:348,99,1,11
BRDA:348,100,0,13
BRDA:348,100,1,13
BRDA:348,101,0,2
BRDA:348,101,1,11
BRDA:348,102,0,13
BRDA:348,102,1,13
BRDA:357,103,0,11
BRDA:357,103,1,2
BRDA:359,104,0,1
BRDA:359,104,1,10
BRDA:360,105,0,2
BRDA:360,105,1,0
BRDA:360,106,0,2
BRDA:360,106,1,0
BRDA:372,107,0,2
BRDA:372,107,1,0
BRDA:384,108,0,0
BRDA:384,108,1,2
BRDA:400,109,0,0
BRDA:400,110,0,0
BRDA:400,111,0,0
BRDA:404,112,0,0
BRDA:404,112,1,0
BRDA:413,113,0,0
BRDA:413,113,1,0
BRDA:418,114,0,0
BRDA:418,114,1,0
BRDA:418,115,0,0
BRDA:418,115,1,0
BRDA:427,116,0,0
BRDA:427,117,0,0
BRDA:427,118,0,0
BRDA:427,119,0,0
BRDA:428,120,0,0
BRDA:428,120,1,0
BRDA:436,121,0,0
BRDA:436,121,1,0
BRDA:451,122,0,0
BRDA:462,123,0,0
BRDA:462,123,1,0
BRDA:462,124,0,0
BRDA:462,124,1,0
BRDA:464,125,0,0
BRDA:464,125,1,0
BRDA:464,126,0,0
BRDA:464,126,1,0
BRDA:466,127,0,0
BRDA:466,127,1,0
BRDA:468,128,0,0
BRDA:468,128,1,0
BRDA:470,129,0,0
BRDA:470,129,1,0
BRDA:470,130,0,0
BRDA:470,130,1,0
BRDA:480,131,0,0
BRDA:480,131,1,0
BRDA:481,132,0,0
BRDA:481,132,1,0
BRDA:500,133,0,0
BRDA:500,133,1,0
BRDA:512,134,0,0
BRDA:512,134,1,0
BRDA:518,135,0,0
BRDA:518,135,1,0
BRDA:524,136,0,0
BRDA:524,136,1,2
BRDA:526,137,0,0
BRDA:526,137,1,0
BRF:287
BRH:151
end_of_record
